2025-11-16 22:03:42 +00:00: ✅ MongoDB 已连接
2025-11-16 22:03:42 +00:00: 🚀 服务器运行在端口 8080
2025-11-16 22:03:42 +00:00: 📝 环境: development
2025-11-16 22:03:42 +00:00: 🔗 数据库: mongodb://root:g7d6ckdq@jianron-mongodb.ns-cxxiwxce.svc:27017/xiaodiyanxuan?authSource=admin
2025-11-16 22:03:42 +00:00: 📍 健康检查: http://localhost:8080/health
2025-11-16 22:05:53 +00:00: [0mGET /health [32m200[0m 3.737 ms - 54[0m
2025-11-16 22:20:04 +00:00: [0mGET /health [32m200[0m 0.415 ms - 54[0m
2025-11-16 22:21:35 +00:00: [0mGET /api/health [33m404[0m 0.828 ms - 46[0m
2025-11-16 22:23:10 +00:00: [0mGET /api/users [33m401[0m 0.826 ms - 54[0m
2025-11-16 22:23:11 +00:00: [0mPOST /api/auth/register [33m400[0m 8.698 ms - 100[0m
2025-11-16 22:23:18 +00:00: [0mGET / [33m404[0m 0.996 ms - 46[0m
2025-11-16 22:26:13 +00:00: [0mGET /health [32m200[0m 0.273 ms - 54[0m
2025-11-16 22:28:36 +00:00: [0mGET /health [32m200[0m 0.284 ms - 54[0m
2025-11-16 23:32:53 +00:00: [0mGET /health [32m200[0m 0.389 ms - 54[0m
2025-11-17 02:46:50 +00:00: [0mGET / [33m404[0m 0.408 ms - 46[0m
2025-11-17 02:46:50 +00:00: [0mGET /favicon.ico [33m404[0m 0.270 ms - 46[0m
2025-11-17 06:18:38 +00:00: [0mGET / [33m404[0m 0.408 ms - 46[0m
2025-11-17 06:18:47 +00:00: [0mGET / [33m404[0m 0.252 ms - 46[0m
2025-11-17 06:18:47 +00:00: [0mGET /favicon.ico [33m404[0m 0.256 ms - 46[0m
2025-11-17 06:19:46 +00:00: [0mGET / [33m404[0m 0.259 ms - 46[0m
2025-11-17 06:20:20 +00:00: [0mGET / [33m404[0m 0.374 ms - 46[0m
2025-11-17 06:58:06 +00:00: [0mGET / [33m404[0m 0.301 ms - 46[0m
2025-11-17 06:58:13 +00:00: [0mGET / [33m404[0m 0.277 ms - 46[0m
2025-11-17 06:58:55 +00:00: [0mGET / [33m404[0m 0.369 ms - 46[0m
2025-11-17 06:58:55 +00:00: [0mGET / [33m404[0m 0.236 ms - 46[0m
2025-11-17 06:58:58 +00:00: [0mGET / [33m404[0m 0.230 ms - 46[0m
2025-11-17 06:59:07 +00:00: [0mGET / [33m404[0m 0.258 ms - 46[0m
2025-11-17 06:59:20 +00:00: [0mGET /health [32m200[0m 0.304 ms - 54[0m
2025-11-17 06:59:54 +00:00: [0mGET //health [33m404[0m 0.231 ms - 46[0m
2025-11-17 07:00:10 +00:00: [0mGET / [33m404[0m 0.245 ms - 46[0m
2025-11-17 07:00:18 +00:00: [0mGET /api/health [33m404[0m 0.276 ms - 46[0m
2025-11-17 07:10:51 +00:00: [0mGET / [33m404[0m 0.233 ms - 46[0m
2025-11-17 07:13:50 +00:00: [0mGET / [33m404[0m 0.229 ms - 46[0m
2025-11-17 07:34:00 +00:00: [0mGET / [33m404[0m 0.227 ms - 46[0m
2025-11-17 07:34:03 +00:00: [0mGET / [33m404[0m 0.244 ms - 46[0m
2025-11-17 07:34:06 +00:00: [0mGET / [33m404[0m 0.274 ms - 46[0m
2025-11-17 07:34:07 +00:00: [0mGET / [33m404[0m 0.246 ms - 46[0m
2025-11-17 07:34:17 +00:00: [0mGET / [33m404[0m 0.237 ms - 46[0m
2025-11-17 07:34:23 +00:00: [0mGET / [33m404[0m 0.248 ms - 46[0m
2025-11-17 07:34:37 +00:00: [0mGET / [33m404[0m 0.237 ms - 46[0m
2025-11-17 07:34:46 +00:00: [0mGET / [33m404[0m 0.236 ms - 46[0m
2025-11-17 07:34:46 +00:00: [0mGET / [33m404[0m 0.260 ms - 46[0m
2025-11-17 07:36:43 +00:00: [0mGET / [33m404[0m 0.269 ms - 46[0m
2025-11-17 07:38:52 +00:00: [0mGET /.git/config [33m404[0m 0.242 ms - 46[0m
2025-11-17 07:38:53 +00:00: [0mHEAD / [33m404[0m 0.241 ms - 46[0m
2025-11-17 07:38:54 +00:00: [0mGET /.git/config [33m404[0m 0.237 ms - 46[0m
2025-11-17 07:38:54 +00:00: [0mGET / [33m404[0m 0.229 ms - 46[0m
2025-11-17 07:38:54 +00:00: [0mGET / [33m404[0m 0.299 ms - 46[0m
2025-11-17 07:38:54 +00:00: [0mGET / [33m404[0m 0.241 ms - 46[0m
2025-11-17 07:38:54 +00:00: [0mGET / [33m404[0m 0.248 ms - 46[0m
2025-11-17 07:38:54 +00:00: [0mGET / [33m404[0m 0.182 ms - 46[0m
2025-11-17 07:38:55 +00:00: [0mGET / [33m404[0m 0.227 ms - 46[0m
2025-11-17 07:38:55 +00:00: [0mGET / [33m404[0m 0.229 ms - 46[0m
2025-11-17 07:38:55 +00:00: [0mGET / [33m404[0m 0.239 ms - 46[0m
2025-11-17 07:38:55 +00:00: [0mGET / [33m404[0m 0.225 ms - 46[0m
2025-11-17 07:38:55 +00:00: [0mGET / [33m404[0m 0.178 ms - 46[0m
2025-11-17 07:38:55 +00:00: [0mGET / [33m404[0m 0.215 ms - 46[0m
2025-11-17 07:38:55 +00:00: [0mGET / [33m404[0m 0.236 ms - 46[0m
2025-11-17 07:38:56 +00:00: [0mGET / [33m404[0m 0.257 ms - 46[0m
2025-11-17 07:38:56 +00:00: [0mPOST /graphql [33m404[0m 0.930 ms - 46[0m
2025-11-17 07:38:56 +00:00: [0mPOST /graphql [33m404[0m 0.487 ms - 46[0m
2025-11-17 07:38:56 +00:00: [0mPOST /graphql [33m404[0m 0.468 ms - 46[0m
2025-11-17 07:38:56 +00:00: [0mPOST /graphql [33m404[0m 0.468 ms - 46[0m
2025-11-17 07:38:56 +00:00: [0mPOST /graphql [33m404[0m 0.480 ms - 46[0m
2025-11-17 07:38:56 +00:00: [0mPOST /api [33m404[0m 0.531 ms - 46[0m
2025-11-17 07:38:56 +00:00: [0mPOST /graphql [33m404[0m 0.578 ms - 46[0m
2025-11-17 07:38:56 +00:00: [0mPOST /api [33m404[0m 0.901 ms - 46[0m
2025-11-17 07:38:56 +00:00: [0mPOST /api [33m404[0m 0.541 ms - 46[0m
2025-11-17 07:38:57 +00:00: [0mPOST /api/graphql [33m404[0m 0.625 ms - 46[0m
2025-11-17 07:38:57 +00:00: [0mPOST /api [33m404[0m 0.533 ms - 46[0m
2025-11-17 07:38:57 +00:00: [0mPOST /api [33m404[0m 0.439 ms - 46[0m
2025-11-17 07:38:57 +00:00: [0mPOST /api/graphql [33m404[0m 0.616 ms - 46[0m
2025-11-17 07:38:57 +00:00: [0mPOST /api/graphql [33m404[0m 0.576 ms - 46[0m
2025-11-17 07:38:57 +00:00: [0mPOST /graphql/api [33m404[0m 0.682 ms - 46[0m
2025-11-17 07:38:57 +00:00: [0mPOST /api [33m404[0m 0.427 ms - 46[0m
2025-11-17 07:38:58 +00:00: [0mPOST /api/graphql [33m404[0m 0.421 ms - 46[0m
2025-11-17 07:38:58 +00:00: [0mPOST /api/graphql [33m404[0m 0.357 ms - 46[0m
2025-11-17 07:38:58 +00:00: [0mPOST /graphql/api [33m404[0m 0.461 ms - 46[0m
2025-11-17 07:38:58 +00:00: [0mPOST /api/gql [33m404[0m 0.383 ms - 46[0m
2025-11-17 07:38:58 +00:00: [0mPOST /graphql/api [33m404[0m 0.407 ms - 46[0m
2025-11-17 07:38:58 +00:00: [0mPOST /api/graphql [33m404[0m 0.458 ms - 46[0m
2025-11-17 07:38:58 +00:00: [0mGET /swagger-ui.html [33m404[0m 0.227 ms - 46[0m
2025-11-17 07:38:58 +00:00: [0mPOST /graphql/api [33m404[0m 0.471 ms - 46[0m
2025-11-17 07:38:59 +00:00: [0mPOST /api/gql [33m404[0m 0.428 ms - 46[0m
2025-11-17 07:38:59 +00:00: [0mGET /swagger/index.html [33m404[0m 0.361 ms - 46[0m
2025-11-17 07:38:59 +00:00: [0mPOST /graphql/api [33m404[0m 0.441 ms - 46[0m
2025-11-17 07:38:59 +00:00: [0mPOST /graphql/api [33m404[0m 0.461 ms - 46[0m
2025-11-17 07:38:59 +00:00: [0mPOST /api/gql [33m404[0m 0.436 ms - 46[0m
2025-11-17 07:38:59 +00:00: [0mPOST /api/gql [33m404[0m 0.405 ms - 46[0m
2025-11-17 07:38:59 +00:00: [0mGET /swagger/swagger-ui.html [33m404[0m 0.230 ms - 46[0m
2025-11-17 07:38:59 +00:00: [0mGET /swagger-ui.html [33m404[0m 0.225 ms - 46[0m
2025-11-17 07:39:00 +00:00: [0mPOST /api/gql [33m404[0m 0.422 ms - 46[0m
2025-11-17 07:39:00 +00:00: [0mPOST /api/gql [33m404[0m 0.457 ms - 46[0m
2025-11-17 07:39:00 +00:00: [0mGET /swagger-ui.html [33m404[0m 0.229 ms - 46[0m
2025-11-17 07:39:00 +00:00: [0mGET /swagger/index.html [33m404[0m 0.255 ms - 46[0m
2025-11-17 07:39:01 +00:00: [0mGET /webjars/swagger-ui/index.html [33m404[0m 0.260 ms - 46[0m
2025-11-17 07:39:01 +00:00: [0mGET /swagger-ui.html [33m404[0m 0.185 ms - 46[0m
2025-11-17 07:39:01 +00:00: [0mGET /swagger-ui.html [33m404[0m 0.252 ms - 46[0m
2025-11-17 07:39:01 +00:00: [0mGET /swagger/index.html [33m404[0m 0.277 ms - 46[0m
2025-11-17 07:39:01 +00:00: [0mGET /swagger/swagger-ui.html [33m404[0m 0.249 ms - 46[0m
2025-11-17 07:39:01 +00:00: [0mGET /swagger-ui.html [33m404[0m 0.220 ms - 46[0m
2025-11-17 07:39:01 +00:00: [0mGET /swagger.json [33m404[0m 0.268 ms - 46[0m
2025-11-17 07:39:01 +00:00: [0mGET /swagger/index.html [33m404[0m 0.230 ms - 46[0m
2025-11-17 07:39:02 +00:00: [0mGET /webjars/swagger-ui/index.html [33m404[0m 0.309 ms - 46[0m
2025-11-17 07:39:02 +00:00: [0mGET /swagger/index.html [33m404[0m 0.224 ms - 46[0m
2025-11-17 07:39:02 +00:00: [0mGET /swagger/swagger-ui.html [33m404[0m 0.223 ms - 46[0m
2025-11-17 07:39:02 +00:00: [0mGET /swagger/v1/swagger.json [33m404[0m 0.246 ms - 46[0m
2025-11-17 07:39:02 +00:00: [0mGET /swagger/index.html [33m404[0m 0.327 ms - 46[0m
2025-11-17 07:39:02 +00:00: [0mGET /swagger.json [33m404[0m 0.269 ms - 46[0m
2025-11-17 07:39:02 +00:00: [0mGET /swagger/swagger-ui.html [33m404[0m 0.231 ms - 46[0m
2025-11-17 07:39:02 +00:00: [0mGET /v2/api-docs [33m404[0m 0.238 ms - 46[0m
2025-11-17 07:39:02 +00:00: [0mGET /webjars/swagger-ui/index.html [33m404[0m 0.235 ms - 46[0m
2025-11-17 07:39:02 +00:00: [0mGET /swagger/swagger-ui.html [33m404[0m 0.167 ms - 46[0m
2025-11-17 07:39:03 +00:00: [0mGET /swagger/swagger-ui.html [33m404[0m 0.249 ms - 46[0m
2025-11-17 07:39:03 +00:00: [0mGET /swagger/v1/swagger.json [33m404[0m 0.255 ms - 46[0m
2025-11-17 07:39:03 +00:00: [0mGET / [33m404[0m 0.199 ms - 46[0m
2025-11-17 07:39:03 +00:00: [0mGET /v3/api-docs [33m404[0m 0.235 ms - 46[0m
2025-11-17 07:39:03 +00:00: [0mGET /webjars/swagger-ui/index.html [33m404[0m 0.233 ms - 46[0m
2025-11-17 07:39:03 +00:00: [0mGET /webjars/swagger-ui/index.html [33m404[0m 0.230 ms - 46[0m
2025-11-17 07:39:03 +00:00: [0mGET /swagger.json [33m404[0m 0.252 ms - 46[0m
2025-11-17 07:39:04 +00:00: [0mGET /api-docs/swagger.json [33m404[0m 0.223 ms - 46[0m
2025-11-17 07:39:04 +00:00: [0mGET /v2/api-docs [33m404[0m 0.287 ms - 46[0m
2025-11-17 07:39:04 +00:00: [0mGET /swagger.json [33m404[0m 0.295 ms - 46[0m
2025-11-17 07:39:04 +00:00: [0mGET /api/swagger.json [33m404[0m 0.232 ms - 46[0m
2025-11-17 07:39:04 +00:00: [0mGET /webjars/swagger-ui/index.html [33m404[0m 0.237 ms - 46[0m
2025-11-17 07:39:04 +00:00: [0mGET /swagger/v1/swagger.json [33m404[0m 0.228 ms - 46[0m
2025-11-17 07:39:05 +00:00: [0mGET /@vite/env [33m404[0m 0.232 ms - 46[0m
2025-11-17 07:39:05 +00:00: [0mGET /swagger/v1/swagger.json [33m404[0m 0.269 ms - 46[0m
2025-11-17 07:39:05 +00:00: [0mGET /actuator/env [33m404[0m 0.230 ms - 46[0m
2025-11-17 07:39:05 +00:00: [0mGET /v2/api-docs [33m404[0m 0.225 ms - 46[0m
2025-11-17 07:39:05 +00:00: [0mGET /v3/api-docs [33m404[0m 0.201 ms - 46[0m
2025-11-17 07:39:05 +00:00: [0mGET /v2/api-docs [33m404[0m 0.256 ms - 46[0m
2025-11-17 07:39:06 +00:00: [0mGET /swagger.json [33m404[0m 0.302 ms - 46[0m
2025-11-17 07:39:06 +00:00: [0mGET /server [33m404[0m 0.246 ms - 46[0m
2025-11-17 07:39:06 +00:00: [0mGET /api-docs/swagger.json [33m404[0m 0.297 ms - 46[0m
2025-11-17 07:39:06 +00:00: [0mGET /v3/api-docs [33m404[0m 0.291 ms - 46[0m
2025-11-17 07:39:06 +00:00: [0mGET /swagger.json [33m404[0m 0.257 ms - 46[0m
2025-11-17 07:39:06 +00:00: [0mGET /version [33m404[0m 0.296 ms - 46[0m
2025-11-17 07:39:06 +00:00: [0mGET /v3/api-docs [33m404[0m 0.216 ms - 46[0m
2025-11-17 07:39:07 +00:00: [0mGET /api/swagger.json [33m404[0m 0.230 ms - 46[0m
2025-11-17 07:39:07 +00:00: [0mGET /.vscode/sftp.json [33m404[0m 0.232 ms - 46[0m
2025-11-17 07:39:07 +00:00: [0mGET /api-docs/swagger.json [33m404[0m 0.229 ms - 46[0m
2025-11-17 07:39:07 +00:00: [0mGET /swagger/v1/swagger.json [33m404[0m 0.244 ms - 46[0m
2025-11-17 07:39:07 +00:00: [0mGET /api-docs/swagger.json [33m404[0m 0.232 ms - 46[0m
2025-11-17 07:39:07 +00:00: [0mGET /about [33m404[0m 0.255 ms - 46[0m
2025-11-17 07:39:07 +00:00: [0mGET /@vite/env [33m404[0m 0.255 ms - 46[0m
2025-11-17 07:39:08 +00:00: [0mGET /api/swagger.json [33m404[0m 0.261 ms - 46[0m
2025-11-17 07:39:08 +00:00: [0mGET /v2/api-docs [33m404[0m 0.246 ms - 46[0m
2025-11-17 07:39:08 +00:00: [0mGET /debug/default/view?panel=config [33m404[0m 0.300 ms - 46[0m
2025-11-17 07:39:08 +00:00: [0mGET /api/swagger.json [33m404[0m 0.224 ms - 46[0m
2025-11-17 07:39:08 +00:00: [0mGET /actuator/env [33m404[0m 0.240 ms - 46[0m
2025-11-17 07:39:08 +00:00: [0mGET /v2/_catalog [33m404[0m 0.232 ms - 46[0m
2025-11-17 07:39:08 +00:00: [0mGET /v3/api-docs [33m404[0m 0.257 ms - 46[0m
2025-11-17 07:39:09 +00:00: [0mGET /@vite/env [33m404[0m 0.236 ms - 46[0m
2025-11-17 07:39:09 +00:00: [0mGET /server [33m404[0m 0.263 ms - 46[0m
2025-11-17 07:39:09 +00:00: [0mGET /ecp/Current/exporttool/microsoft.exchange.ediscovery.exporttool.application [33m404[0m 0.380 ms - 46[0m
2025-11-17 07:39:09 +00:00: [0mGET /v2/api-docs [33m404[0m 0.270 ms - 46[0m
2025-11-17 07:39:09 +00:00: [0mGET /api-docs/swagger.json [33m404[0m 0.190 ms - 46[0m
2025-11-17 07:39:09 +00:00: [0mGET /server-status [33m404[0m 0.288 ms - 46[0m
2025-11-17 07:39:09 +00:00: [0mGET /version [33m404[0m 0.297 ms - 46[0m
2025-11-17 07:39:09 +00:00: [0mGET /actuator/env [33m404[0m 0.253 ms - 46[0m
2025-11-17 07:39:09 +00:00: [0mGET /@vite/env [33m404[0m 0.293 ms - 46[0m
2025-11-17 07:39:10 +00:00: [0mGET /login.action [33m404[0m 0.296 ms - 46[0m
2025-11-17 07:39:10 +00:00: [0mGET /@vite/env [33m404[0m 0.235 ms - 46[0m
2025-11-17 07:39:10 +00:00: [0mGET /api/swagger.json [33m404[0m 0.288 ms - 46[0m
2025-11-17 07:39:10 +00:00: [0mGET /actuator/env [33m404[0m 0.256 ms - 46[0m
2025-11-17 07:39:10 +00:00: [0mGET /server [33m404[0m 0.168 ms - 46[0m
2025-11-17 07:39:10 +00:00: [0mGET /_all_dbs [33m404[0m 0.257 ms - 46[0m
2025-11-17 07:39:11 +00:00: [0mGET /actuator/env [33m404[0m 0.254 ms - 46[0m
2025-11-17 07:39:11 +00:00: [0mGET /@vite/env [33m404[0m 0.203 ms - 46[0m
2025-11-17 07:39:11 +00:00: [0mGET /.vscode/sftp.json [33m404[0m 0.260 ms - 46[0m
2025-11-17 07:39:11 +00:00: [0mGET /.DS_Store [33m404[0m 0.228 ms - 46[0m
2025-11-17 07:39:11 +00:00: [0mGET /version [33m404[0m 0.252 ms - 46[0m
2025-11-17 07:39:11 +00:00: [0mGET /server [33m404[0m 0.198 ms - 46[0m
2025-11-17 07:39:11 +00:00: [0mGET /server [33m404[0m 0.247 ms - 46[0m
2025-11-17 07:39:11 +00:00: [0mGET /.env [33m404[0m 0.352 ms - 46[0m
2025-11-17 07:39:12 +00:00: [0mGET /.vscode/sftp.json [33m404[0m 0.237 ms - 46[0m
2025-11-17 07:39:12 +00:00: [0mGET /version [33m404[0m 0.183 ms - 46[0m
2025-11-17 07:39:12 +00:00: [0mGET /about [33m404[0m 0.240 ms - 46[0m
2025-11-17 07:39:12 +00:00: [0mGET /.git/config [33m404[0m 0.232 ms - 46[0m
2025-11-17 07:39:12 +00:00: [0mGET /version [33m404[0m 0.239 ms - 46[0m
2025-11-17 07:39:12 +00:00: [0mGET /s/732323e26333e28393e27343/_/;/META-INF/maven/com.atlassian.jira/jira-webapp-dist/pom.properties [33m404[0m 0.257 ms - 46[0m
2025-11-17 07:39:13 +00:00: [0mGET /debug/default/view?panel=config [33m404[0m 0.307 ms - 46[0m
2025-11-17 07:39:13 +00:00: [0mGET /.vscode/sftp.json [33m404[0m 0.227 ms - 46[0m
2025-11-17 07:39:13 +00:00: [0mGET /actuator/env [33m404[0m 0.239 ms - 46[0m
2025-11-17 07:39:13 +00:00: [0mGET /config.json [33m404[0m 0.298 ms - 46[0m
2025-11-17 07:39:13 +00:00: [0mGET /about [33m404[0m 0.322 ms - 46[0m
2025-11-17 07:39:13 +00:00: [0mGET /about [33m404[0m 0.265 ms - 46[0m
2025-11-17 07:39:14 +00:00: [0mGET /telescope/requests [33m404[0m 0.295 ms - 46[0m
2025-11-17 07:39:14 +00:00: [0mGET /v2/_catalog [33m404[0m 0.235 ms - 46[0m
2025-11-17 07:39:14 +00:00: [0mGET /.vscode/sftp.json [33m404[0m 0.246 ms - 46[0m
2025-11-17 07:39:14 +00:00: [0mGET /debug/default/view?panel=config [33m404[0m 0.280 ms - 46[0m
2025-11-17 07:39:14 +00:00: [0mGET /ecp/Current/exporttool/microsoft.exchange.ediscovery.exporttool.application [33m404[0m 0.232 ms - 46[0m
2025-11-17 07:39:14 +00:00: [0mGET /about [33m404[0m 0.229 ms - 46[0m
2025-11-17 07:39:15 +00:00: [0mGET /server [33m404[0m 0.226 ms - 46[0m
2025-11-17 07:39:15 +00:00: [0mGET /v2/_catalog [33m404[0m 0.294 ms - 46[0m
2025-11-17 07:39:15 +00:00: [0mGET /debug/default/view?panel=config [33m404[0m 0.220 ms - 46[0m
2025-11-17 07:39:15 +00:00: [0mGET /info.php [33m404[0m 0.225 ms - 46[0m
2025-11-17 07:39:15 +00:00: [0mGET /debug/default/view?panel=config [33m404[0m 0.216 ms - 46[0m
2025-11-17 07:39:15 +00:00: [0mGET /version [33m404[0m 0.276 ms - 46[0m
2025-11-17 07:39:16 +00:00: [0mGET /server-status [33m404[0m 0.232 ms - 46[0m
2025-11-17 07:39:16 +00:00: [0mGET /?rest_route=/wp/v2/users/ [33m404[0m 0.212 ms - 46[0m
2025-11-17 07:39:16 +00:00: [0mGET /login.action [33m404[0m 0.225 ms - 46[0m
2025-11-17 07:39:16 +00:00: [0mGET /.vscode/sftp.json [33m404[0m 0.296 ms - 46[0m
2025-11-17 07:39:17 +00:00: [0mGET /ecp/Current/exporttool/microsoft.exchange.ediscovery.exporttool.application [33m404[0m 0.212 ms - 46[0m
2025-11-17 07:39:17 +00:00: [0mGET /v2/_catalog [33m404[0m 0.238 ms - 46[0m
2025-11-17 07:39:17 +00:00: [0mGET /_all_dbs [33m404[0m 0.257 ms - 46[0m
2025-11-17 07:39:17 +00:00: [0mGET /v2/_catalog [33m404[0m 0.218 ms - 46[0m
2025-11-17 07:39:17 +00:00: [0mGET /about [33m404[0m 0.241 ms - 46[0m
2025-11-17 07:39:18 +00:00: [0mGET /server-status [33m404[0m 0.243 ms - 46[0m
2025-11-17 07:39:18 +00:00: [0mGET /.DS_Store [33m404[0m 0.238 ms - 46[0m
2025-11-17 07:39:18 +00:00: [0mGET /ecp/Current/exporttool/microsoft.exchange.ediscovery.exporttool.application [33m404[0m 0.261 ms - 46[0m
2025-11-17 07:39:18 +00:00: [0mGET /ecp/Current/exporttool/microsoft.exchange.ediscovery.exporttool.application [33m404[0m 0.227 ms - 46[0m
2025-11-17 07:39:18 +00:00: [0mGET /.env [33m404[0m 0.232 ms - 46[0m
2025-11-17 07:39:19 +00:00: [0mGET /server-status [33m404[0m 0.225 ms - 46[0m
2025-11-17 07:39:19 +00:00: [0mGET /.git/config [33m404[0m 0.225 ms - 46[0m
2025-11-17 07:39:19 +00:00: [0mGET /login.action [33m404[0m 0.239 ms - 46[0m
2025-11-17 07:39:19 +00:00: [0mGET /server-status [33m404[0m 0.216 ms - 46[0m
2025-11-17 07:39:20 +00:00: [0mGET /s/638313e2131323e243e2332323/_/;/META-INF/maven/com.atlassian.jira/jira-webapp-dist/pom.properties [33m404[0m 0.290 ms - 46[0m
2025-11-17 07:39:20 +00:00: [0mGET /_all_dbs [33m404[0m 0.243 ms - 46[0m
2025-11-17 07:39:20 +00:00: [0mGET /login.action [33m404[0m 0.229 ms - 46[0m
2025-11-17 07:39:20 +00:00: [0mGET /debug/default/view?panel=config [33m404[0m 0.231 ms - 46[0m
2025-11-17 07:39:20 +00:00: [0mGET /login.action [33m404[0m 0.230 ms - 46[0m
2025-11-17 07:39:20 +00:00: [0mGET /config.json [33m404[0m 0.232 ms - 46[0m
2025-11-17 07:39:21 +00:00: [0mGET /.DS_Store [33m404[0m 0.233 ms - 46[0m
2025-11-17 07:39:21 +00:00: [0mGET /v2/_catalog [33m404[0m 0.231 ms - 46[0m
2025-11-17 07:39:21 +00:00: [0mGET /_all_dbs [33m404[0m 0.225 ms - 46[0m
2025-11-17 07:39:21 +00:00: [0mGET /telescope/requests [33m404[0m 0.220 ms - 46[0m
2025-11-17 07:39:21 +00:00: [0mGET /.env [33m404[0m 0.221 ms - 46[0m
2025-11-17 07:39:22 +00:00: [0mGET /ecp/Current/exporttool/microsoft.exchange.ediscovery.exporttool.application [33m404[0m 0.229 ms - 46[0m
2025-11-17 07:39:22 +00:00: [0mGET /info.php [33m404[0m 0.270 ms - 46[0m
2025-11-17 07:39:22 +00:00: [0mGET /.DS_Store [33m404[0m 0.215 ms - 46[0m
2025-11-17 07:39:22 +00:00: [0mGET /.git/config [33m404[0m 0.239 ms - 46[0m
2025-11-17 07:39:22 +00:00: [0mGET /_all_dbs [33m404[0m 0.216 ms - 46[0m
2025-11-17 07:39:22 +00:00: [0mGET /server-status [33m404[0m 0.278 ms - 46[0m
2025-11-17 07:39:23 +00:00: [0mGET /?rest_route=/wp/v2/users/ [33m404[0m 0.245 ms - 46[0m
2025-11-17 07:39:23 +00:00: [0mGET /.env [33m404[0m 0.232 ms - 46[0m
2025-11-17 07:39:23 +00:00: [0mGET /s/8323e2331323e20343e2132313/_/;/META-INF/maven/com.atlassian.jira/jira-webapp-dist/pom.properties [33m404[0m 0.266 ms - 46[0m
2025-11-17 07:39:23 +00:00: [0mGET /login.action [33m404[0m 0.226 ms - 46[0m
2025-11-17 07:39:24 +00:00: [0mGET /.DS_Store [33m404[0m 0.225 ms - 46[0m
2025-11-17 07:39:24 +00:00: [0mGET /config.json [33m404[0m 0.224 ms - 46[0m
2025-11-17 07:39:24 +00:00: [0mGET /.env [33m404[0m 0.229 ms - 46[0m
2025-11-17 07:39:25 +00:00: [0mGET /telescope/requests [33m404[0m 0.221 ms - 46[0m
2025-11-17 07:39:25 +00:00: [0mGET /.git/config [33m404[0m 0.224 ms - 46[0m
2025-11-17 07:39:25 +00:00: [0mGET /_all_dbs [33m404[0m 0.229 ms - 46[0m
2025-11-17 07:39:25 +00:00: [0mGET /.git/config [33m404[0m 0.226 ms - 46[0m
2025-11-17 07:39:25 +00:00: [0mGET /info.php [33m404[0m 0.243 ms - 46[0m
2025-11-17 07:39:26 +00:00: [0mGET /s/731323e28353e21333e2831313/_/;/META-INF/maven/com.atlassian.jira/jira-webapp-dist/pom.properties [33m404[0m 0.233 ms - 46[0m
2025-11-17 07:39:26 +00:00: [0mGET /.DS_Store [33m404[0m 0.220 ms - 46[0m
2025-11-17 07:39:26 +00:00: [0mGET /?rest_route=/wp/v2/users/ [33m404[0m 0.219 ms - 46[0m
2025-11-17 07:39:27 +00:00: [0mGET /.env [33m404[0m 0.240 ms - 46[0m
2025-11-17 07:39:27 +00:00: [0mGET /.git/config [33m404[0m 0.314 ms - 46[0m
2025-11-17 07:39:27 +00:00: [0mGET /config.json [33m404[0m 0.225 ms - 46[0m
2025-11-17 07:39:28 +00:00: [0mGET /s/4393e2236313e26323e2032313/_/;/META-INF/maven/com.atlassian.jira/jira-webapp-dist/pom.properties [33m404[0m 0.220 ms - 46[0m
2025-11-17 07:39:28 +00:00: [0mGET /s/732323e26333e28393e27343/_/;/META-INF/maven/com.atlassian.jira/jira-webapp-dist/pom.properties [33m404[0m 0.224 ms - 46[0m
2025-11-17 07:39:28 +00:00: [0mGET /config.json [33m404[0m 0.239 ms - 46[0m
2025-11-17 07:39:29 +00:00: [0mGET /config.json [33m404[0m 0.235 ms - 46[0m
2025-11-17 07:39:29 +00:00: [0mGET /telescope/requests [33m404[0m 0.223 ms - 46[0m
2025-11-17 07:39:29 +00:00: [0mGET /telescope/requests [33m404[0m 0.243 ms - 46[0m
2025-11-17 07:39:30 +00:00: [0mGET /telescope/requests [33m404[0m 0.223 ms - 46[0m
2025-11-17 07:39:30 +00:00: [0mGET /info.php [33m404[0m 0.214 ms - 46[0m
2025-11-17 07:39:30 +00:00: [0mGET /info.php [33m404[0m 0.225 ms - 46[0m
2025-11-17 07:39:30 +00:00: [0mGET /?rest_route=/wp/v2/users/ [33m404[0m 0.318 ms - 46[0m
2025-11-17 07:39:30 +00:00: [0mGET /info.php [33m404[0m 0.308 ms - 46[0m
2025-11-17 07:39:31 +00:00: [0mGET /?rest_route=/wp/v2/users/ [33m404[0m 0.257 ms - 46[0m
2025-11-17 07:39:31 +00:00: [0mGET /?rest_route=/wp/v2/users/ [33m404[0m 0.219 ms - 46[0m
2025-11-17 07:39:51 +00:00: [0mGET /.git/config [33m404[0m 0.228 ms - 46[0m
2025-11-17 07:39:52 +00:00: [0mGET /.git/config [33m404[0m 0.228 ms - 46[0m
2025-11-17 07:39:54 +00:00: [0mGET /.git/config [33m404[0m 0.236 ms - 46[0m
2025-11-17 07:39:54 +00:00: [0mGET /.git/config [33m404[0m 0.256 ms - 46[0m
2025-11-17 07:40:06 +00:00: [0mGET /health [32m200[0m 0.348 ms - 54[0m
2025-11-17 07:40:26 +00:00: [0mGET / [33m404[0m 0.263 ms - 46[0m
2025-11-17 07:40:27 +00:00: [0mGET /favicon.ico [33m404[0m 0.237 ms - 46[0m
2025-11-17 07:40:27 +00:00: [0mGET / [33m404[0m 0.229 ms - 46[0m
2025-11-17 07:40:27 +00:00: [0mGET /favicon.ico [33m404[0m 0.232 ms - 46[0m
2025-11-17 07:40:49 +00:00: [0mGET / [33m404[0m 0.274 ms - 46[0m
2025-11-17 07:40:56 +00:00: [0mGET / [33m404[0m 0.260 ms - 46[0m
2025-11-17 07:40:56 +00:00: [0mGET /@vite/env [33m404[0m 0.300 ms - 46[0m
2025-11-17 07:40:56 +00:00: [0mGET /actutor/env [33m404[0m 0.219 ms - 46[0m
2025-11-17 07:40:56 +00:00: [0mGET /.vscode/sftp.json [33m404[0m 0.250 ms - 46[0m
2025-11-17 07:40:57 +00:00: [0mGET /.env [33m404[0m 0.231 ms - 46[0m
2025-11-17 07:40:57 +00:00: [0mGET /.git/config [33m404[0m 0.235 ms - 46[0m
2025-11-17 07:41:04 +00:00: [0mGET /.git/config [33m404[0m 0.224 ms - 46[0m
2025-11-17 07:41:11 +00:00: [0mGET /.git/config [33m404[0m 0.242 ms - 46[0m
2025-11-17 07:41:13 +00:00: [0mGET /.git/config [33m404[0m 0.244 ms - 46[0m
2025-11-17 07:43:45 +00:00: [0mGET /health [32m200[0m 0.326 ms - 54[0m
2025-11-17 07:44:14 +00:00: [0mGET / [33m404[0m 0.257 ms - 46[0m
2025-11-17 07:44:52 +00:00: [0mGET /health [32m200[0m 0.427 ms - 54[0m
2025-11-17 07:45:06 +00:00: [0mGET /health [32m200[0m 0.276 ms - 54[0m
2025-11-17 07:46:57 +00:00: [0mGET / [33m404[0m 0.274 ms - 46[0m
2025-11-17 07:48:14 +00:00: [0mGET / [33m404[0m 0.230 ms - 46[0m
2025-11-17 07:49:02 +00:00: [0mGET / [33m404[0m 0.279 ms - 46[0m
2025-11-17 07:49:03 +00:00: [0mGET / [33m404[0m 0.232 ms - 46[0m
2025-11-17 07:50:02 +00:00: [0mGET / [33m404[0m 0.332 ms - 46[0m
2025-11-17 07:50:44 +00:00: [0mGET /health [32m200[0m 0.288 ms - 54[0m
2025-11-17 07:50:45 +00:00: [0mGET /health [32m200[0m 0.334 ms - 54[0m
2025-11-17 07:50:45 +00:00: [0mGET /health [32m200[0m 0.265 ms - 54[0m
2025-11-17 07:50:45 +00:00: [0mGET /health [32m200[0m 0.261 ms - 54[0m
2025-11-17 07:50:45 +00:00: [0mGET /health [32m200[0m 0.285 ms - 54[0m
2025-11-17 07:50:45 +00:00: [0mGET /health [32m200[0m 0.285 ms - 54[0m
2025-11-17 07:50:46 +00:00: [0mGET /health [32m200[0m 0.265 ms - 54[0m
2025-11-17 07:52:01 +00:00: [0mGET /health [32m200[0m 0.261 ms - 54[0m
2025-11-17 07:52:01 +00:00: [0mGET /health [32m200[0m 0.259 ms - 54[0m
2025-11-17 07:52:01 +00:00: [0mGET /health [32m200[0m 0.250 ms - 54[0m
2025-11-17 07:54:09 +00:00: [0mGET / [33m404[0m 0.244 ms - 46[0m
2025-11-17 07:54:10 +00:00: [0mGET /favicon.ico [33m404[0m 0.223 ms - 46[0m
2025-11-17 07:54:10 +00:00: [0mGET /favicon.png [33m404[0m 0.234 ms - 46[0m
2025-11-17 07:58:59 +00:00: [0mGET /health [32m200[0m 0.288 ms - 54[0m
2025-11-17 07:59:24 +00:00: [0mGET /health [32m200[0m 0.263 ms - 54[0m
2025-11-17 08:01:18 +00:00: [0mGET / [33m404[0m 0.251 ms - 46[0m
2025-11-17 08:01:22 +00:00: [0mGET /health [32m200[0m 0.255 ms - 54[0m
2025-11-17 08:03:15 +00:00: [0mGET /health [32m200[0m 0.268 ms - 54[0m
2025-11-17 08:03:16 +00:00: [0mGET /health [32m200[0m 0.243 ms - 54[0m
2025-11-17 08:03:17 +00:00: [0mGET /health [32m200[0m 0.269 ms - 54[0m
2025-11-17 08:03:48 +00:00: [0mGET /health [32m200[0m 0.259 ms - 54[0m
2025-11-17 08:04:23 +00:00: [0mGET / [33m404[0m 0.242 ms - 46[0m
2025-11-17 08:04:54 +00:00: [0mGET /health [32m200[0m 0.262 ms - 54[0m
2025-11-17 08:06:01 +00:00: [0mGET /health [32m200[0m 0.272 ms - 54[0m
2025-11-17 08:06:41 +00:00: [0mGET / [33m404[0m 0.244 ms - 46[0m
2025-11-17 08:06:42 +00:00: [0mGET /favicon.ico [33m404[0m 0.229 ms - 46[0m
2025-11-17 08:06:42 +00:00: [0mGET /favicon.png [33m404[0m 0.254 ms - 46[0m
2025-11-17 08:09:20 +00:00: [0mGET /health [32m200[0m 0.273 ms - 54[0m
2025-11-17 08:13:34 +00:00: [0mGET / [33m404[0m 0.393 ms - 46[0m
2025-11-17 08:17:53 +00:00: [0mGET / [33m404[0m 0.241 ms - 46[0m
2025-11-17 08:19:39 +00:00: [0mGET /?fbclid=IwZXh0bgNhZW0CMTEAc3J0YwZhcHBfaWQMMjU2MjgxMDQwNTU4CGNhbGxzaXRlAjM5AAEenqYbYv28DzPFwH6WXQWgCX7kA-vsK2QvfGCykwxi7qXi7_7kl3QE6yZbLKc_aem_jfaUk62u3nuUFxao_9-y3A [33m404[0m 0.224 ms - 46[0m
2025-11-17 08:46:19 +00:00: [0mGET /robots.txt [33m404[0m 0.280 ms - 46[0m
2025-11-17 08:46:20 +00:00: [0mGET / [33m404[0m 0.225 ms - 46[0m
2025-11-17 08:49:17 +00:00: [0mGET / [33m404[0m 0.232 ms - 46[0m
2025-11-17 08:49:23 +00:00: [0mGET / [33m404[0m 0.236 ms - 46[0m
2025-11-17 08:49:24 +00:00: [0mGET / [33m404[0m 0.224 ms - 46[0m
2025-11-17 08:49:24 +00:00: [0mGET / [33m404[0m 0.231 ms - 46[0m
2025-11-17 08:49:26 +00:00: [0mGET / [33m404[0m 0.247 ms - 46[0m
2025-11-17 08:49:26 +00:00: [0mGET / [33m404[0m 0.306 ms - 46[0m
2025-11-17 08:49:55 +00:00: [0mGET / [33m404[0m 0.245 ms - 46[0m
2025-11-17 08:49:57 +00:00: [0mGET / [33m404[0m 0.247 ms - 46[0m
2025-11-17 08:49:57 +00:00: [0mGET /.git/config [33m404[0m 0.267 ms - 46[0m
2025-11-17 08:49:59 +00:00: [0mGET /.git/config [33m404[0m 0.228 ms - 46[0m
2025-11-17 08:50:00 +00:00: [0mGET /.git/config [33m404[0m 0.222 ms - 46[0m
2025-11-17 08:50:01 +00:00: [0mGET /.git/config [33m404[0m 0.245 ms - 46[0m
2025-11-17 08:53:26 +00:00: [0mGET / [33m404[0m 0.266 ms - 46[0m
2025-11-17 08:53:26 +00:00: [0mGET / [33m404[0m 0.250 ms - 46[0m
2025-11-17 08:53:27 +00:00: [0mGET / [33m404[0m 0.242 ms - 46[0m
2025-11-17 08:53:27 +00:00: [0mGET / [33m404[0m 0.271 ms - 46[0m
2025-11-17 08:53:27 +00:00: [0mGET / [33m404[0m 0.226 ms - 46[0m
2025-11-17 08:53:27 +00:00: [0mGET / [33m404[0m 0.221 ms - 46[0m
2025-11-17 08:53:28 +00:00: [0mGET / [33m404[0m 0.262 ms - 46[0m
2025-11-17 08:53:28 +00:00: [0mGET / [33m404[0m 0.279 ms - 46[0m
2025-11-17 08:53:28 +00:00: [0mGET / [33m404[0m 0.236 ms - 46[0m
2025-11-17 08:53:28 +00:00: [0mGET / [33m404[0m 0.241 ms - 46[0m
2025-11-17 08:53:28 +00:00: [0mGET / [33m404[0m 0.225 ms - 46[0m
2025-11-17 08:53:29 +00:00: [0mGET / [33m404[0m 0.234 ms - 46[0m
2025-11-17 08:53:29 +00:00: [0mGET / [33m404[0m 0.266 ms - 46[0m
2025-11-17 08:53:29 +00:00: [0mGET / [33m404[0m 0.248 ms - 46[0m
2025-11-17 08:53:29 +00:00: [0mGET / [33m404[0m 0.232 ms - 46[0m
2025-11-17 08:53:30 +00:00: [0mGET / [33m404[0m 0.265 ms - 46[0m
2025-11-17 08:53:30 +00:00: [0mGET / [33m404[0m 0.308 ms - 46[0m
2025-11-17 08:53:30 +00:00: [0mGET / [33m404[0m 0.258 ms - 46[0m
2025-11-17 08:53:31 +00:00: [0mGET / [33m404[0m 0.232 ms - 46[0m
2025-11-17 08:53:31 +00:00: [0mGET / [33m404[0m 0.333 ms - 46[0m
2025-11-17 09:04:42 +00:00: [0mGET / [33m404[0m 0.223 ms - 46[0m
2025-11-17 09:04:42 +00:00: [0mGET /favicon.ico [33m404[0m 0.235 ms - 46[0m
2025-11-17 09:11:32 +00:00: [0mGET / [33m404[0m 0.240 ms - 46[0m
2025-11-17 09:35:38 +00:00: [0mGET / [33m404[0m 0.224 ms - 46[0m
2025-11-17 09:37:08 +00:00: [0mGET / [33m404[0m 0.259 ms - 46[0m
2025-11-17 09:45:28 +00:00: [0mGET / [33m404[0m 0.226 ms - 46[0m
2025-11-17 09:48:16 +00:00: [0mGET / [33m404[0m 0.245 ms - 46[0m
2025-11-17 09:54:33 +00:00: [0mGET / [33m404[0m 0.225 ms - 46[0m
2025-11-17 10:08:18 +00:00: [0mGET / [33m404[0m 0.242 ms - 46[0m
2025-11-17 10:19:02 +00:00: [0mGET / [33m404[0m 0.312 ms - 46[0m
2025-11-17 10:19:07 +00:00: [0mGET / [33m404[0m 0.263 ms - 46[0m
2025-11-17 10:21:53 +00:00: [0mGET / [33m404[0m 0.253 ms - 46[0m
2025-11-17 10:29:52 +00:00: [0mGET / [33m404[0m 0.251 ms - 46[0m
2025-11-17 10:29:57 +00:00: [0mGET / [33m404[0m 0.228 ms - 46[0m
2025-11-17 10:31:47 +00:00: [0mGET / [33m404[0m 0.236 ms - 46[0m
2025-11-17 10:31:53 +00:00: [0mGET / [33m404[0m 0.269 ms - 46[0m
2025-11-17 10:38:26 +00:00: [0mGET / [33m404[0m 0.253 ms - 46[0m
2025-11-17 10:38:26 +00:00: [0mGET / [33m404[0m 0.222 ms - 46[0m
2025-11-17 10:56:34 +00:00: [0mGET / [33m404[0m 0.262 ms - 46[0m
2025-11-17 10:59:40 +00:00: [0mGET / [33m404[0m 0.275 ms - 46[0m
2025-11-17 11:27:51 +00:00: [0mGET / [33m404[0m 0.256 ms - 46[0m
2025-11-17 11:27:52 +00:00: [0mGET / [33m404[0m 0.213 ms - 46[0m
2025-11-17 13:15:13 +00:00: [0mPOST /api [33m404[0m 0.591 ms - 46[0m
2025-11-17 13:15:14 +00:00: [0mPOST /api/graphql [33m404[0m 0.423 ms - 46[0m
2025-11-17 13:15:14 +00:00: [0mPOST /api [33m404[0m 0.443 ms - 46[0m
2025-11-17 13:15:15 +00:00: [0mPOST /api/gql [33m404[0m 0.425 ms - 46[0m
2025-11-17 13:15:15 +00:00: [0mPOST /api [33m404[0m 0.403 ms - 46[0m
2025-11-17 13:15:15 +00:00: [0mPOST /api/graphql [33m404[0m 0.277 ms - 46[0m
2025-11-17 13:15:16 +00:00: [0mPOST /api [33m404[0m 0.403 ms - 46[0m
2025-11-17 13:15:16 +00:00: [0mPOST /api [33m404[0m 0.544 ms - 46[0m
2025-11-17 13:15:16 +00:00: [0mPOST /api/gql [33m404[0m 0.414 ms - 46[0m
2025-11-17 13:15:16 +00:00: [0mPOST /api/graphql [33m404[0m 0.421 ms - 46[0m
2025-11-17 13:15:16 +00:00: [0mPOST /api [33m404[0m 0.405 ms - 46[0m
2025-11-17 13:15:16 +00:00: [0mPOST /api/graphql [33m404[0m 0.518 ms - 46[0m
2025-11-17 13:15:17 +00:00: [0mPOST /api/graphql [33m404[0m 0.399 ms - 46[0m
2025-11-17 13:15:17 +00:00: [0mPOST /api/graphql [33m404[0m 0.387 ms - 46[0m
2025-11-17 13:15:17 +00:00: [0mPOST /api [33m404[0m 0.397 ms - 46[0m
2025-11-17 13:15:17 +00:00: [0mPOST /api/gql [33m404[0m 0.384 ms - 46[0m
2025-11-17 13:15:18 +00:00: [0mPOST /api/gql [33m404[0m 0.412 ms - 46[0m
2025-11-17 13:15:18 +00:00: [0mPOST /api/graphql [33m404[0m 0.582 ms - 46[0m
2025-11-17 13:15:19 +00:00: [0mPOST /api/gql [33m404[0m 0.404 ms - 46[0m
2025-11-17 13:15:20 +00:00: [0mPOST /api/gql [33m404[0m 0.409 ms - 46[0m
2025-11-17 13:15:20 +00:00: [0mPOST /api/gql [33m404[0m 0.402 ms - 46[0m
2025-11-17 13:15:24 +00:00: [0mGET /api/swagger.json [33m404[0m 0.231 ms - 46[0m
2025-11-17 13:15:26 +00:00: [0mGET /api/swagger.json [33m404[0m 0.230 ms - 46[0m
2025-11-17 13:15:28 +00:00: [0mGET /api/swagger.json [33m404[0m 0.230 ms - 46[0m
2025-11-17 14:06:20 +00:00: [0mGET /.git/config [33m404[0m 0.383 ms - 46[0m
2025-11-17 14:06:22 +00:00: [0mGET /.git/config [33m404[0m 0.243 ms - 46[0m
2025-11-17 14:06:24 +00:00: [0mGET /.git/config [33m404[0m 0.224 ms - 46[0m
2025-11-17 14:06:26 +00:00: [0mGET /.git/config [33m404[0m 0.219 ms - 46[0m
2025-11-17 14:18:24 +00:00: [0mGET / [33m404[0m 0.248 ms - 46[0m
2025-11-17 14:28:46 +00:00: [0mGET / [33m404[0m 0.324 ms - 46[0m
2025-11-17 14:51:39 +00:00: [0mGET / [33m404[0m 0.255 ms - 46[0m
2025-11-17 14:51:40 +00:00: [0mGET / [33m404[0m 0.226 ms - 46[0m
2025-11-17 15:26:48 +00:00: [0mGET /.git/config [33m404[0m 0.238 ms - 46[0m
2025-11-17 15:40:10 +00:00: [0mGET / [33m404[0m 0.224 ms - 46[0m
2025-11-17 15:51:40 +00:00: [0mGET / [33m404[0m 0.228 ms - 46[0m
2025-11-17 16:04:22 +00:00: ✅ MongoDB 已连接
2025-11-17 16:04:22 +00:00: 🚀 服务器运行在端口 8080
2025-11-17 16:04:22 +00:00: 📝 环境: development
2025-11-17 16:04:22 +00:00: 🔗 数据库: mongodb://root:g7d6ckdq@jianron-mongodb.ns-cxxiwxce.svc:27017/xiaodiyanxuan?authSource=admin
2025-11-17 16:04:22 +00:00: 📍 健康检查: http://localhost:8080/health
2025-11-17 16:05:33 +00:00: ✅ MongoDB 已连接
2025-11-17 16:05:33 +00:00: 🚀 服务器运行在端口 8080
2025-11-17 16:05:33 +00:00: 📝 环境: development
2025-11-17 16:05:33 +00:00: 🔗 数据库: mongodb://root:g7d6ckdq@jianron-mongodb.ns-cxxiwxce.svc:27017/xiaodiyanxuan?authSource=admin
2025-11-17 16:05:33 +00:00: 📍 健康检查: http://localhost:8080/health
2025-11-17 16:09:07 +00:00: [0mPOST /api/auth/login [33m404[0m 9.958 ms - 46[0m
2025-11-17 16:12:24 +00:00: [0mGET /health [32m200[0m 0.787 ms - 54[0m
2025-11-17 16:12:57 +00:00: ✅ MongoDB 已连接
2025-11-17 16:12:57 +00:00: 🚀 服务器运行在端口 8080
2025-11-17 16:12:57 +00:00: 📝 环境: development
2025-11-17 16:12:57 +00:00: 🔗 数据库: mongodb://root:g7d6ckdq@jianron-mongodb.ns-cxxiwxce.svc:27017/xiaodiyanxuan?authSource=admin
2025-11-17 16:12:57 +00:00: 📍 健康检查: http://localhost:8080/health
2025-11-17 16:16:10 +00:00: 
2025-11-17 16:16:10 +00:00: 📛 收到关闭信号，正在关闭...
2025-11-17 16:16:11 +00:00: ✅ MongoDB 已连接
2025-11-17 16:16:11 +00:00: 🚀 服务器运行在端口 8080
2025-11-17 16:16:11 +00:00: 📝 环境: development
2025-11-17 16:16:11 +00:00: 🔗 数据库: mongodb://root:g7d6ckdq@jianron-mongodb.ns-cxxiwxce.svc:27017/xiaodiyanxuan?authSource=admin
2025-11-17 16:16:11 +00:00: 📍 健康检查: http://localhost:8080/health
2025-11-17 16:16:28 +00:00: [0mGET /health [32m200[0m 2.652 ms - 54[0m
2025-11-17 16:18:26 +00:00: [0mPOST /api/auth/wxlogin [32m200[0m 36.935 ms - 359[0m
2025-11-17 16:18:34 +00:00: [0mGET /api/notifications [32m200[0m 9.691 ms - 86[0m
2025-11-17 16:18:45 +00:00: [0mPOST /api/notifications [33m400[0m 2.373 ms - 134[0m
2025-11-17 16:19:06 +00:00: [0mPOST /api/notifications [32m201[0m 8.121 ms - 294[0m
2025-11-17 16:19:23 +00:00: [0mGET /api/compare [32m200[0m 5.410 ms - 86[0m
2025-11-17 16:19:41 +00:00: [0mPOST /api/compare [32m201[0m 9.193 ms - 298[0m
2025-11-17 16:29:08 +00:00: [0mGET / [33m404[0m 0.304 ms - 46[0m
2025-11-17 16:45:06 +00:00: [0mGET / [33m404[0m 0.381 ms - 46[0m
2025-11-17 16:57:57 +00:00: [0mGET / [33m404[0m 0.313 ms - 46[0m
2025-11-17 18:53:21 +00:00: [0mGET /.git/config [33m404[0m 0.318 ms - 46[0m
2025-11-17 18:53:22 +00:00: [0mGET /.git/config [33m404[0m 0.271 ms - 46[0m
2025-11-17 18:54:58 +00:00: [0mHEAD / [33m404[0m 0.292 ms - 46[0m
2025-11-17 18:55:22 +00:00: [0mGET /.git/config [33m404[0m 0.255 ms - 46[0m
2025-11-17 18:55:36 +00:00: [0mGET /.git/config [33m404[0m 0.270 ms - 46[0m
2025-11-17 18:55:36 +00:00: [0mGET /.git/config [33m404[0m 0.240 ms - 46[0m
2025-11-17 18:55:40 +00:00: [0mGET /.git/config [33m404[0m 0.255 ms - 46[0m
2025-11-17 18:55:41 +00:00: [0mGET /.git/config [33m404[0m 0.249 ms - 46[0m
2025-11-17 18:59:44 +00:00: [0mGET /.git/config [33m404[0m 0.252 ms - 46[0m
2025-11-17 18:59:45 +00:00: [0mGET /.git/config [33m404[0m 0.237 ms - 46[0m
2025-11-17 18:59:55 +00:00: [0mGET /.git/config [33m404[0m 0.244 ms - 46[0m
2025-11-17 19:00:41 +00:00: [0mGET /.git/config [33m404[0m 0.274 ms - 46[0m
2025-11-17 19:00:42 +00:00: [0mGET /.git/config [33m404[0m 0.352 ms - 46[0m
2025-11-17 19:00:47 +00:00: [0mGET /.git/config [33m404[0m 0.248 ms - 46[0m
2025-11-17 19:00:49 +00:00: [0mGET /.git/config [33m404[0m 0.259 ms - 46[0m
2025-11-17 19:00:53 +00:00: [0mGET /.git/config [33m404[0m 0.239 ms - 46[0m
2025-11-17 19:00:55 +00:00: [0mGET /.git/config [33m404[0m 0.249 ms - 46[0m
2025-11-17 19:01:07 +00:00: [0mGET /.git/config [33m404[0m 0.262 ms - 46[0m
2025-11-17 19:01:08 +00:00: [0mGET /.git/config [33m404[0m 0.232 ms - 46[0m
2025-11-17 19:01:11 +00:00: [0mGET /.git/config [33m404[0m 0.271 ms - 46[0m
2025-11-17 19:02:33 +00:00: [0mGET /.git/config [33m404[0m 0.240 ms - 46[0m
2025-11-17 19:02:35 +00:00: [0mGET /.git/config [33m404[0m 0.235 ms - 46[0m
2025-11-17 19:02:41 +00:00: [0mGET /.git/config [33m404[0m 0.336 ms - 46[0m
2025-11-17 19:10:02 +00:00: [0mGET / [33m404[0m 0.233 ms - 46[0m
2025-11-17 19:17:58 +00:00: [0mGET / [33m404[0m 0.247 ms - 46[0m
2025-11-17 19:17:58 +00:00: [0mGET /favicon.ico [33m404[0m 0.241 ms - 46[0m
2025-11-17 19:20:50 +00:00: [0mGET / [33m404[0m 0.256 ms - 46[0m
2025-11-17 19:24:33 +00:00: [0mGET /.git/config [33m404[0m 0.243 ms - 46[0m
2025-11-17 19:24:34 +00:00: [0mGET /.git/config [33m404[0m 0.301 ms - 46[0m
2025-11-17 19:25:05 +00:00: [0mGET /.git/config [33m404[0m 0.259 ms - 46[0m
2025-11-17 19:25:15 +00:00: [0mGET / [33m404[0m 0.234 ms - 46[0m
2025-11-17 19:26:27 +00:00: [0mGET /.git/config [33m404[0m 0.232 ms - 46[0m
2025-11-17 19:26:29 +00:00: [0mGET /.git/config [33m404[0m 0.229 ms - 46[0m
2025-11-17 19:27:23 +00:00: [0mGET /.git/config [33m404[0m 0.251 ms - 46[0m
2025-11-17 19:27:32 +00:00: [0mGET /.git/config [33m404[0m 0.277 ms - 46[0m
2025-11-17 19:58:28 +00:00: [0mGET /.git/config [33m404[0m 0.234 ms - 46[0m
2025-11-17 19:58:29 +00:00: [0mGET /.git/config [33m404[0m 0.292 ms - 46[0m
2025-11-17 20:15:48 +00:00: [0mGET /.git/config [33m404[0m 0.232 ms - 46[0m
2025-11-17 20:15:49 +00:00: [0mGET /.git/config [33m404[0m 0.289 ms - 46[0m
2025-11-17 20:23:36 +00:00: [0mGET / [33m404[0m 0.260 ms - 46[0m
2025-11-17 20:23:36 +00:00: [0mGET /js/lkk_ch.js [33m404[0m 0.243 ms - 46[0m
2025-11-17 20:23:36 +00:00: [0mGET /css/support_parent.css [33m404[0m 0.235 ms - 46[0m
2025-11-17 20:23:37 +00:00: [0mGET /js/twint_ch.js [33m404[0m 0.233 ms - 46[0m
2025-11-17 20:33:04 +00:00: [0mGET /.git/config [33m404[0m 0.309 ms - 46[0m
2025-11-17 20:33:05 +00:00: [0mGET /.git/config [33m404[0m 0.230 ms - 46[0m
2025-11-17 21:10:45 +00:00: [0mGET / [33m404[0m 0.240 ms - 46[0m
2025-11-17 21:10:46 +00:00: [0mGET / [33m404[0m 0.299 ms - 46[0m
2025-11-17 21:12:36 +00:00: [0mGET / [33m404[0m 0.232 ms - 46[0m
2025-11-17 21:42:57 +00:00: [0mHEAD /health [32m200[0m 0.272 ms - 54[0m
2025-11-17 21:58:18 +00:00: [0mGET / [33m404[0m 0.228 ms - 46[0m
2025-11-17 22:08:49 +00:00: [0mGET / [33m404[0m 0.252 ms - 46[0m
2025-11-17 22:49:51 +00:00: [0mGET / [33m404[0m 0.237 ms - 46[0m
2025-11-17 23:36:50 +00:00: [0mGET /health [32m200[0m 0.335 ms - 54[0m
2025-11-17 23:39:58 +00:00: [0mPOST /api/auth/wxlogin [32m200[0m 11.401 ms - 352[0m
2025-11-17 23:43:19 +00:00: 
2025-11-17 23:43:19 +00:00: 📛 收到关闭信号，正在关闭...
2025-11-17 23:43:19 +00:00: ✅ MongoDB 已连接
2025-11-17 23:43:19 +00:00: 🚀 服务器运行在端口 8080
2025-11-17 23:43:19 +00:00: 📝 环境: development
2025-11-17 23:43:19 +00:00: 🔗 数据库: mongodb://root:g7d6ckdq@jianron-mongodb.ns-cxxiwxce.svc:27017/xiaodiyanxuan?authSource=admin
2025-11-17 23:43:19 +00:00: 📍 健康检查: http://localhost:8080/health
2025-11-17 23:43:33 +00:00: 
2025-11-17 23:43:33 +00:00: 📛 收到关闭信号，正在关闭...
2025-11-17 23:43:34 +00:00: ✅ MongoDB 已连接
2025-11-17 23:43:34 +00:00: 🚀 服务器运行在端口 8080
2025-11-17 23:43:34 +00:00: 📝 环境: development
2025-11-17 23:43:34 +00:00: 🔗 数据库: mongodb://root:g7d6ckdq@jianron-mongodb.ns-cxxiwxce.svc:27017/xiaodiyanxuan?authSource=admin
2025-11-17 23:43:34 +00:00: 📍 健康检查: http://localhost:8080/health
2025-11-17 23:43:57 +00:00: [0mPOST /api/auth/wxlogin [32m200[0m 33.896 ms - 352[0m
2025-11-17 23:54:37 +00:00: 
2025-11-17 23:54:37 +00:00: 📛 收到关闭信号，正在关闭...
2025-11-17 23:54:38 +00:00: ✅ MongoDB 已连接
2025-11-17 23:54:38 +00:00: 🚀 服务器运行在端口 8080
2025-11-17 23:54:38 +00:00: 📝 环境: development
2025-11-17 23:54:38 +00:00: 🔗 数据库: mongodb://root:g7d6ckdq@jianron-mongodb.ns-cxxiwxce.svc:27017/xiaodiyanxuan?authSource=admin
2025-11-17 23:54:38 +00:00: 📍 健康检查: http://localhost:8080/health
2025-11-17 23:54:56 +00:00: [0mPOST /api/auth/wxlogin [32m200[0m 34.892 ms - 343[0m
2025-11-17 23:57:41 +00:00: 
2025-11-17 23:57:41 +00:00: 📛 收到关闭信号，正在关闭...
2025-11-17 23:57:42 +00:00: ✅ MongoDB 已连接
2025-11-17 23:57:42 +00:00: 🚀 服务器运行在端口 8080
2025-11-17 23:57:42 +00:00: 📝 环境: development
2025-11-17 23:57:42 +00:00: 🔗 数据库: mongodb://root:g7d6ckdq@jianron-mongodb.ns-cxxiwxce.svc:27017/xiaodiyanxuan?authSource=admin
2025-11-17 23:57:42 +00:00: 📍 健康检查: http://localhost:8080/health
2025-11-17 23:58:32 +00:00: [0mPOST /api/auth/wxlogin [32m200[0m 42.548 ms - 343[0m
2025-11-18 00:00:12 +00:00: 
2025-11-18 00:00:12 +00:00: 📛 收到关闭信号，正在关闭...
2025-11-18 00:00:13 +00:00: ✅ MongoDB 已连接
2025-11-18 00:00:13 +00:00: 🚀 服务器运行在端口 8080
2025-11-18 00:00:13 +00:00: 📝 环境: development
2025-11-18 00:00:13 +00:00: 🔗 数据库: mongodb://root:g7d6ckdq@jianron-mongodb.ns-cxxiwxce.svc:27017/xiaodiyanxuan?authSource=admin
2025-11-18 00:00:13 +00:00: 📍 健康检查: http://localhost:8080/health
2025-11-18 00:00:30 +00:00: [0mPOST /api/auth/login [32m200[0m 34.311 ms - 343[0m
2025-11-18 00:01:13 +00:00: [0mPOST /api/auth/login [32m200[0m 8.112 ms - 343[0m
2025-11-18 00:01:13 +00:00: [0mPOST /api/auth/wxlogin [32m200[0m 6.645 ms - 343[0m
2025-11-18 00:01:13 +00:00: [0mPOST /api/auth/login [32m200[0m 6.415 ms - 343[0m
2025-11-18 00:01:13 +00:00: [0mGET /health [32m200[0m 0.572 ms - 54[0m
2025-11-18 00:15:22 +00:00: [0mOPTIONS /api/auth/login [32m204[0m 0.279 ms - 0[0m
2025-11-18 00:16:15 +00:00: [0mPOST /api/auth/login [32m200[0m 6.926 ms - 343[0m
2025-11-18 00:16:39 +00:00: [0mPOST /api/auth/login [32m200[0m 6.264 ms - 343[0m
2025-11-18 00:17:00 +00:00: [0mPOST /api/auth/login [32m200[0m 8.363 ms - 343[0m
2025-11-18 00:19:13 +00:00: [0mPOST /api/auth/login [32m200[0m 7.204 ms - 343[0m
2025-11-18 00:19:22 +00:00: [0mOPTIONS /api/auth/login [32m204[0m 0.132 ms - 0[0m
2025-11-18 00:27:51 +00:00: [0mGET /health [32m200[0m 0.360 ms - 54[0m
2025-11-18 00:27:59 +00:00: [0mPOST /api/auth/login [32m200[0m 9.311 ms - 343[0m
2025-11-18 00:28:12 +00:00: [0mOPTIONS /api/auth/login [32m204[0m 0.129 ms - 0[0m
2025-11-18 00:33:45 +00:00: [0mHEAD / [33m404[0m 0.692 ms - 46[0m
2025-11-18 00:34:39 +00:00: [0mGET /health [32m200[0m 0.304 ms - 54[0m
2025-11-18 00:37:56 +00:00: [0mGET /.git/config [33m404[0m 0.569 ms - 46[0m
2025-11-18 00:38:49 +00:00: [0mHEAD / [33m404[0m 0.317 ms - 46[0m
2025-11-18 00:40:10 +00:00: [0mGET /health [32m200[0m 0.273 ms - 54[0m
2025-11-18 01:11:41 +00:00: [0mGET /health [32m200[0m 0.447 ms - 54[0m
2025-11-18 01:18:01 +00:00: 
2025-11-18 01:18:01 +00:00: 📛 收到关闭信号，正在关闭...
2025-11-18 01:24:30 +00:00: ✅ MongoDB 已连接
2025-11-18 01:24:30 +00:00: 🚀 服务器运行在端口 8080
2025-11-18 01:24:30 +00:00: 📝 环境: development
2025-11-18 01:24:30 +00:00: 🔗 数据库: mongodb://root:g7d6ckdq@jianron-mongodb.ns-cxxiwxce.svc:27017/xiaodiyanxuan?authSource=admin
2025-11-18 01:24:30 +00:00: 📍 健康检查: http://localhost:8080/health
2025-11-18 01:26:41 +00:00: [0mGET /health [32m200[0m 2.192 ms - 54[0m
2025-11-18 01:29:05 +00:00: 
2025-11-18 01:29:05 +00:00: 📛 收到关闭信号，正在关闭...
2025-11-18 01:29:06 +00:00: ✅ MongoDB 已连接
2025-11-18 01:29:06 +00:00: 🚀 服务器运行在端口 8080
2025-11-18 01:29:06 +00:00: 📝 环境: development
2025-11-18 01:29:06 +00:00: 🔗 数据库: mongodb://root:g7d6ckdq@jianron-mongodb.ns-cxxiwxce.svc:27017/xiaodiyanxuan?authSource=admin
2025-11-18 01:29:06 +00:00: 📍 健康检查: http://localhost:8080/health
2025-11-18 01:34:20 +00:00: [0mGET / [33m404[0m 2.014 ms - 46[0m
2025-11-18 01:34:20 +00:00: [0mGET /favicon.ico [33m404[0m 0.617 ms - 46[0m
2025-11-18 01:35:23 +00:00: [0mGET /health [32m200[0m 0.803 ms - 54[0m
2025-11-18 01:36:59 +00:00: [0mGET /health [32m200[0m 0.239 ms - 54[0m
2025-11-18 01:39:54 +00:00: [0mGET /.git/config [33m404[0m 0.264 ms - 46[0m
2025-11-18 01:39:55 +00:00: [0mGET /.git/config [33m404[0m 0.334 ms - 46[0m
2025-11-18 01:53:38 +00:00: 
2025-11-18 01:53:38 +00:00: 📛 收到关闭信号，正在关闭...
2025-11-18 01:53:39 +00:00: ✅ MongoDB 已连接
2025-11-18 01:53:39 +00:00: 🚀 服务器运行在端口 8080
2025-11-18 01:53:39 +00:00: 📝 环境: development
2025-11-18 01:53:39 +00:00: 🔗 数据库: mongodb://root:g7d6ckdq@jianron-mongodb.ns-cxxiwxce.svc:27017/xiaodiyanxuan?authSource=admin
2025-11-18 01:53:39 +00:00: 📍 健康检查: http://localhost:8080/health
2025-11-18 02:03:33 +00:00: 
2025-11-18 02:03:33 +00:00: 📛 收到关闭信号，正在关闭...
2025-11-18 02:03:33 +00:00: ✅ MongoDB 已连接
2025-11-18 02:03:33 +00:00: 🚀 服务器运行在端口 8080
2025-11-18 02:03:33 +00:00: 📝 环境: development
2025-11-18 02:03:33 +00:00: 🔗 数据库: mongodb://root:g7d6ckdq@jianron-mongodb.ns-cxxiwxce.svc:27017/xiaodiyanxuan?authSource=admin
2025-11-18 02:03:33 +00:00: 📍 健康检查: http://localhost:8080/health
2025-11-18 02:04:17 +00:00: 
2025-11-18 02:04:17 +00:00: 📛 收到关闭信号，正在关闭...
2025-11-18 02:05:12 +00:00: ✅ MongoDB 已连接
2025-11-18 02:05:12 +00:00: 🚀 服务器运行在端口 8080
2025-11-18 02:05:12 +00:00: 📝 环境: development
2025-11-18 02:05:12 +00:00: 🔗 数据库: mongodb://root:g7d6ckdq@jianron-mongodb.ns-cxxiwxce.svc:27017/xiaodiyanxuan?authSource=admin
2025-11-18 02:05:12 +00:00: 📍 健康检查: http://localhost:8080/health
2025-11-18 12:22:21 +00:00: [0mHEAD / [33m404[0m 2.159 ms - 46[0m
2025-11-18 12:23:21 +00:00: [0mHEAD / [33m404[0m 0.610 ms - 46[0m
2025-11-18 12:24:37 +00:00: [0mGET / [33m404[0m 0.374 ms - 46[0m
2025-11-18 12:24:37 +00:00: [0mGET / [33m404[0m 0.215 ms - 46[0m
2025-11-18 12:24:39 +00:00: [0mGET / [33m404[0m 0.212 ms - 46[0m
2025-11-18 12:24:39 +00:00: [0mGET / [33m404[0m 0.316 ms - 46[0m
2025-11-18 12:24:39 +00:00: [0mGET / [33m404[0m 0.246 ms - 46[0m
2025-11-18 12:24:39 +00:00: [0mGET / [33m404[0m 0.212 ms - 46[0m
2025-11-18 12:24:39 +00:00: [0mGET / [33m404[0m 0.320 ms - 46[0m
2025-11-18 12:24:40 +00:00: [0mGET / [33m404[0m 0.231 ms - 46[0m
2025-11-18 12:24:40 +00:00: [0mPOST /graphql [33m404[0m 9.609 ms - 46[0m
2025-11-18 12:24:40 +00:00: [0mPOST /graphql [33m404[0m 0.706 ms - 46[0m
2025-11-18 12:24:41 +00:00: [0mGET / [33m404[0m 0.274 ms - 46[0m
2025-11-18 12:24:41 +00:00: [0mPOST /graphql [33m404[0m 0.515 ms - 46[0m
2025-11-18 12:24:41 +00:00: [0mPOST /graphql [33m404[0m 0.432 ms - 46[0m
2025-11-18 12:24:41 +00:00: [0mGET / [33m404[0m 0.246 ms - 46[0m
2025-11-18 12:24:41 +00:00: [0mPOST /api [33m404[0m 0.604 ms - 46[0m
2025-11-18 12:24:42 +00:00: [0mPOST /api [33m404[0m 0.478 ms - 46[0m
2025-11-18 12:24:42 +00:00: [0mPOST /api [33m404[0m 0.473 ms - 46[0m
2025-11-18 12:24:42 +00:00: [0mPOST /graphql [33m404[0m 0.450 ms - 46[0m
2025-11-18 12:24:44 +00:00: [0mPOST /api/graphql [33m404[0m 0.901 ms - 46[0m
2025-11-18 12:24:44 +00:00: [0mPOST /api/graphql [33m404[0m 0.520 ms - 46[0m
2025-11-18 12:24:44 +00:00: [0mPOST /api [33m404[0m 0.422 ms - 46[0m
2025-11-18 12:24:44 +00:00: [0mPOST /api/graphql [33m404[0m 0.421 ms - 46[0m
2025-11-18 12:24:45 +00:00: [0mGET / [33m404[0m 0.220 ms - 46[0m
2025-11-18 12:24:45 +00:00: [0mGET /@vite/env [33m404[0m 0.191 ms - 46[0m
2025-11-18 12:24:45 +00:00: [0mGET /actutor/env [33m404[0m 0.191 ms - 46[0m
2025-11-18 12:24:46 +00:00: [0mGET /.vscode/sftp.json [33m404[0m 0.191 ms - 46[0m
2025-11-18 12:24:46 +00:00: [0mPOST /api/graphql [33m404[0m 0.397 ms - 46[0m
2025-11-18 12:24:46 +00:00: [0mGET /.env [33m404[0m 0.194 ms - 46[0m
2025-11-18 12:24:46 +00:00: [0mGET /.git/config [33m404[0m 0.243 ms - 46[0m
2025-11-18 12:24:46 +00:00: [0mPOST /api/graphql [33m404[0m 0.473 ms - 46[0m
2025-11-18 12:24:46 +00:00: [0mPOST /graphql/api [33m404[0m 0.455 ms - 46[0m
2025-11-18 12:24:47 +00:00: [0mPOST /graphql/api [33m404[0m 0.478 ms - 46[0m
2025-11-18 12:24:47 +00:00: [0mPOST /graphql/api [33m404[0m 0.385 ms - 46[0m
2025-11-18 12:24:47 +00:00: [0mPOST /api/gql [33m404[0m 0.451 ms - 46[0m
2025-11-18 12:24:47 +00:00: [0mPOST /api/gql [33m404[0m 0.383 ms - 46[0m
2025-11-18 12:24:49 +00:00: [0mGET /swagger-ui.html [33m404[0m 0.197 ms - 46[0m
2025-11-18 12:24:49 +00:00: [0mPOST /api/gql [33m404[0m 0.389 ms - 46[0m
2025-11-18 12:24:49 +00:00: [0mPOST /api/gql [33m404[0m 0.310 ms - 46[0m
2025-11-18 12:24:49 +00:00: [0mPOST /api/gql [33m404[0m 0.383 ms - 46[0m
2025-11-18 12:24:49 +00:00: [0mGET /swagger-ui.html [33m404[0m 0.222 ms - 46[0m
2025-11-18 12:24:49 +00:00: [0mGET /swagger/index.html [33m404[0m 0.210 ms - 46[0m
2025-11-18 12:24:49 +00:00: [0mGET /swagger-ui.html [33m404[0m 0.299 ms - 46[0m
2025-11-18 12:24:49 +00:00: [0mGET /swagger-ui.html [33m404[0m 0.188 ms - 46[0m
2025-11-18 12:24:49 +00:00: [0mGET /swagger-ui.html [33m404[0m 0.207 ms - 46[0m
2025-11-18 12:24:50 +00:00: [0mGET /swagger/index.html [33m404[0m 0.238 ms - 46[0m
2025-11-18 12:24:50 +00:00: [0mGET /swagger/swagger-ui.html [33m404[0m 0.216 ms - 46[0m
2025-11-18 12:24:50 +00:00: [0mGET /swagger/index.html [33m404[0m 0.200 ms - 46[0m
2025-11-18 12:24:51 +00:00: [0mGET /swagger/swagger-ui.html [33m404[0m 0.226 ms - 46[0m
2025-11-18 12:24:51 +00:00: [0mGET /swagger/swagger-ui.html [33m404[0m 0.212 ms - 46[0m
2025-11-18 12:24:51 +00:00: [0mGET /swagger/index.html [33m404[0m 0.200 ms - 46[0m
2025-11-18 12:24:51 +00:00: [0mGET /webjars/swagger-ui/index.html [33m404[0m 0.195 ms - 46[0m
2025-11-18 12:24:52 +00:00: [0mGET /swagger/swagger-ui.html [33m404[0m 0.197 ms - 46[0m
2025-11-18 12:24:52 +00:00: [0mGET /swagger.json [33m404[0m 0.202 ms - 46[0m
2025-11-18 12:24:52 +00:00: [0mGET /webjars/swagger-ui/index.html [33m404[0m 0.196 ms - 46[0m
2025-11-18 12:24:53 +00:00: [0mGET /webjars/swagger-ui/index.html [33m404[0m 0.204 ms - 46[0m
2025-11-18 12:24:53 +00:00: [0mGET /swagger/v1/swagger.json [33m404[0m 0.311 ms - 46[0m
2025-11-18 12:24:53 +00:00: [0mGET /swagger.json [33m404[0m 0.206 ms - 46[0m
2025-11-18 12:24:54 +00:00: [0mGET /webjars/swagger-ui/index.html [33m404[0m 0.217 ms - 46[0m
2025-11-18 12:24:54 +00:00: [0mGET /swagger/v1/swagger.json [33m404[0m 0.274 ms - 46[0m
2025-11-18 12:24:55 +00:00: [0mGET /swagger.json [33m404[0m 0.207 ms - 46[0m
2025-11-18 12:24:55 +00:00: [0mGET /swagger.json [33m404[0m 0.205 ms - 46[0m
2025-11-18 12:24:55 +00:00: [0mGET /v2/api-docs [33m404[0m 0.194 ms - 46[0m
2025-11-18 12:24:56 +00:00: [0mGET /swagger/v1/swagger.json [33m404[0m 0.197 ms - 46[0m
2025-11-18 12:24:56 +00:00: [0mGET /v2/api-docs [33m404[0m 0.192 ms - 46[0m
2025-11-18 12:24:56 +00:00: [0mGET /swagger/v1/swagger.json [33m404[0m 0.193 ms - 46[0m
2025-11-18 12:24:56 +00:00: [0mGET /v2/api-docs [33m404[0m 0.242 ms - 46[0m
2025-11-18 12:24:57 +00:00: [0mGET /v2/api-docs [33m404[0m 0.197 ms - 46[0m
2025-11-18 12:24:57 +00:00: [0mGET /v3/api-docs [33m404[0m 0.187 ms - 46[0m
2025-11-18 12:24:58 +00:00: [0mGET /webjars/swagger-ui/index.html [33m404[0m 0.221 ms - 46[0m
2025-11-18 12:24:58 +00:00: [0mGET /api-docs/swagger.json [33m404[0m 0.229 ms - 46[0m
2025-11-18 12:24:58 +00:00: [0mGET /@vite/env [33m404[0m 0.208 ms - 46[0m
2025-11-18 12:24:58 +00:00: [0mGET /v3/api-docs [33m404[0m 0.197 ms - 46[0m
2025-11-18 12:24:59 +00:00: [0mGET /swagger.json [33m404[0m 0.196 ms - 46[0m
2025-11-18 12:24:59 +00:00: [0mGET /actuator/env [33m404[0m 0.217 ms - 46[0m
2025-11-18 12:24:59 +00:00: [0mGET /@vite/env [33m404[0m 0.221 ms - 46[0m
2025-11-18 12:25:00 +00:00: [0mGET /server [33m404[0m 0.189 ms - 46[0m
2025-11-18 12:25:00 +00:00: [0mGET /@vite/env [33m404[0m 0.292 ms - 46[0m
2025-11-18 12:25:00 +00:00: [0mGET /actuator/env [33m404[0m 0.200 ms - 46[0m
2025-11-18 12:25:00 +00:00: [0mGET /version [33m404[0m 0.199 ms - 46[0m
2025-11-18 12:25:01 +00:00: [0mGET /@vite/env [33m404[0m 0.221 ms - 46[0m
2025-11-18 12:25:01 +00:00: [0mGET /.vscode/sftp.json [33m404[0m 0.192 ms - 46[0m
2025-11-18 12:25:01 +00:00: [0mGET /@vite/env [33m404[0m 0.199 ms - 46[0m
2025-11-18 12:25:02 +00:00: [0mGET /actuator/env [33m404[0m 0.188 ms - 46[0m
2025-11-18 12:25:02 +00:00: [0mGET /server [33m404[0m 0.195 ms - 46[0m
2025-11-18 12:25:02 +00:00: [0mGET /about [33m404[0m 0.254 ms - 46[0m
2025-11-18 12:25:02 +00:00: [0mGET /actuator/env [33m404[0m 0.321 ms - 46[0m
2025-11-18 12:25:02 +00:00: [0mGET /actuator/env [33m404[0m 0.191 ms - 46[0m
2025-11-18 12:25:03 +00:00: [0mGET /debug/default/view?panel=config [33m404[0m 0.199 ms - 46[0m
2025-11-18 12:25:03 +00:00: [0mGET /version [33m404[0m 0.207 ms - 46[0m
2025-11-18 12:25:03 +00:00: [0mGET /server [33m404[0m 0.207 ms - 46[0m
2025-11-18 12:25:03 +00:00: [0mGET /server [33m404[0m 0.187 ms - 46[0m
2025-11-18 12:25:04 +00:00: [0mGET /.vscode/sftp.json [33m404[0m 0.194 ms - 46[0m
2025-11-18 12:25:04 +00:00: [0mGET /server [33m404[0m 0.240 ms - 46[0m
2025-11-18 12:25:05 +00:00: [0mGET /v2/_catalog [33m404[0m 0.217 ms - 46[0m
2025-11-18 12:25:05 +00:00: [0mGET /about [33m404[0m 0.200 ms - 46[0m
2025-11-18 12:25:05 +00:00: [0mGET /version [33m404[0m 0.259 ms - 46[0m
2025-11-18 12:25:05 +00:00: [0mGET /version [33m404[0m 0.238 ms - 46[0m
2025-11-18 12:25:05 +00:00: [0mGET /version [33m404[0m 0.248 ms - 46[0m
2025-11-18 12:25:06 +00:00: [0mGET /.vscode/sftp.json [33m404[0m 0.207 ms - 46[0m
2025-11-18 12:25:06 +00:00: [0mGET /debug/default/view?panel=config [33m404[0m 0.238 ms - 46[0m
2025-11-18 12:25:06 +00:00: [0mGET /about [33m404[0m 0.220 ms - 46[0m
2025-11-18 12:25:06 +00:00: [0mGET /.vscode/sftp.json [33m404[0m 0.204 ms - 46[0m
2025-11-18 12:25:07 +00:00: [0mGET /ecp/Current/exporttool/microsoft.exchange.ediscovery.exporttool.application [33m404[0m 0.209 ms - 46[0m
2025-11-18 12:25:07 +00:00: [0mGET /debug/default/view?panel=config [33m404[0m 0.215 ms - 46[0m
2025-11-18 12:25:07 +00:00: [0mGET /about [33m404[0m 0.292 ms - 46[0m
2025-11-18 12:25:07 +00:00: [0mGET /server-status [33m404[0m 0.261 ms - 46[0m
2025-11-18 12:25:07 +00:00: [0mGET /.vscode/sftp.json [33m404[0m 0.162 ms - 46[0m
2025-11-18 12:25:07 +00:00: [0mGET /v2/_catalog [33m404[0m 0.189 ms - 46[0m
2025-11-18 12:25:08 +00:00: [0mGET /v2/_catalog [33m404[0m 0.200 ms - 46[0m
2025-11-18 12:25:08 +00:00: [0mGET /login.action [33m404[0m 0.193 ms - 46[0m
2025-11-18 12:25:08 +00:00: [0mGET /debug/default/view?panel=config [33m404[0m 0.210 ms - 46[0m
2025-11-18 12:25:08 +00:00: [0mGET /ecp/Current/exporttool/microsoft.exchange.ediscovery.exporttool.application [33m404[0m 0.277 ms - 46[0m
2025-11-18 12:25:08 +00:00: [0mGET /ecp/Current/exporttool/microsoft.exchange.ediscovery.exporttool.application [33m404[0m 0.194 ms - 46[0m
2025-11-18 12:25:09 +00:00: [0mGET /_all_dbs [33m404[0m 0.203 ms - 46[0m
2025-11-18 12:25:09 +00:00: [0mGET /v2/_catalog [33m404[0m 0.183 ms - 46[0m
2025-11-18 12:25:09 +00:00: [0mGET /server-status [33m404[0m 0.209 ms - 46[0m
2025-11-18 12:25:09 +00:00: [0mGET /about [33m404[0m 0.224 ms - 46[0m
2025-11-18 12:25:09 +00:00: [0mGET /ecp/Current/exporttool/microsoft.exchange.ediscovery.exporttool.application [33m404[0m 0.182 ms - 46[0m
2025-11-18 12:25:10 +00:00: [0mGET /.DS_Store [33m404[0m 0.206 ms - 46[0m
2025-11-18 12:25:10 +00:00: [0mGET /login.action [33m404[0m 0.196 ms - 46[0m
2025-11-18 12:25:10 +00:00: [0mGET /debug/default/view?panel=config [33m404[0m 0.214 ms - 46[0m
2025-11-18 12:25:10 +00:00: [0mGET /_all_dbs [33m404[0m 0.212 ms - 46[0m
2025-11-18 12:25:11 +00:00: [0mGET /server-status [33m404[0m 0.194 ms - 46[0m
2025-11-18 12:25:11 +00:00: [0mGET /v2/_catalog [33m404[0m 0.203 ms - 46[0m
2025-11-18 12:25:11 +00:00: [0mGET /.DS_Store [33m404[0m 0.229 ms - 46[0m
2025-11-18 12:25:11 +00:00: [0mGET /server-status [33m404[0m 0.211 ms - 46[0m
2025-11-18 12:25:11 +00:00: [0mGET /.env [33m404[0m 0.214 ms - 46[0m
2025-11-18 12:25:12 +00:00: [0mGET /login.action [33m404[0m 0.248 ms - 46[0m
2025-11-18 12:25:12 +00:00: [0mGET /.env [33m404[0m 0.213 ms - 46[0m
2025-11-18 12:25:12 +00:00: [0mGET /ecp/Current/exporttool/microsoft.exchange.ediscovery.exporttool.application [33m404[0m 0.166 ms - 46[0m
2025-11-18 12:25:12 +00:00: [0mGET /login.action [33m404[0m 0.196 ms - 46[0m
2025-11-18 12:25:12 +00:00: [0mGET /_all_dbs [33m404[0m 0.213 ms - 46[0m
2025-11-18 12:25:12 +00:00: [0mGET /.git/config [33m404[0m 0.193 ms - 46[0m
2025-11-18 12:25:13 +00:00: [0mGET /server-status [33m404[0m 0.220 ms - 46[0m
2025-11-18 12:25:13 +00:00: [0mGET /_all_dbs [33m404[0m 0.291 ms - 46[0m
2025-11-18 12:25:13 +00:00: [0mGET /.git/config [33m404[0m 0.191 ms - 46[0m
2025-11-18 12:25:13 +00:00: [0mGET /s/732323e26333e28393e27343/_/;/META-INF/maven/com.atlassian.jira/jira-webapp-dist/pom.properties [33m404[0m 0.201 ms - 46[0m
2025-11-18 12:25:14 +00:00: [0mGET /config.json [33m404[0m 0.257 ms - 46[0m
2025-11-18 12:25:14 +00:00: [0mGET /.DS_Store [33m404[0m 0.325 ms - 46[0m
2025-11-18 12:25:14 +00:00: [0mGET /login.action [33m404[0m 0.202 ms - 46[0m
2025-11-18 12:25:15 +00:00: [0mGET /.DS_Store [33m404[0m 0.261 ms - 46[0m
2025-11-18 12:25:15 +00:00: [0mGET /s/4393e2236313e26323e2032313/_/;/META-INF/maven/com.atlassian.jira/jira-webapp-dist/pom.properties [33m404[0m 0.209 ms - 46[0m
2025-11-18 12:25:15 +00:00: [0mGET /_all_dbs [33m404[0m 0.340 ms - 46[0m
2025-11-18 12:25:15 +00:00: [0mGET /telescope/requests [33m404[0m 0.227 ms - 46[0m
2025-11-18 12:25:15 +00:00: [0mGET /.env [33m404[0m 0.348 ms - 46[0m
2025-11-18 12:25:16 +00:00: [0mGET /.env [33m404[0m 0.223 ms - 46[0m
2025-11-18 12:25:16 +00:00: [0mGET /config.json [33m404[0m 0.216 ms - 46[0m
2025-11-18 12:25:16 +00:00: [0mGET /info.php [33m404[0m 0.197 ms - 46[0m
2025-11-18 12:25:16 +00:00: [0mGET /.DS_Store [33m404[0m 0.196 ms - 46[0m
2025-11-18 12:25:17 +00:00: [0mGET /telescope/requests [33m404[0m 0.197 ms - 46[0m
2025-11-18 12:25:17 +00:00: [0mGET /?rest_route=/wp/v2/users/ [33m404[0m 0.203 ms - 46[0m
2025-11-18 12:25:17 +00:00: [0mGET /.env [33m404[0m 0.272 ms - 46[0m
2025-11-18 12:25:17 +00:00: [0mGET /.git/config [33m404[0m 0.222 ms - 46[0m
2025-11-18 12:25:17 +00:00: [0mGET /info.php [33m404[0m 0.240 ms - 46[0m
2025-11-18 12:25:18 +00:00: [0mGET /.git/config [33m404[0m 0.235 ms - 46[0m
2025-11-18 12:25:18 +00:00: [0mGET /.git/config [33m404[0m 0.283 ms - 46[0m
2025-11-18 12:25:19 +00:00: [0mGET /s/638313e2131323e243e2332323/_/;/META-INF/maven/com.atlassian.jira/jira-webapp-dist/pom.properties [33m404[0m 0.229 ms - 46[0m
2025-11-18 12:25:19 +00:00: [0mGET /s/731323e28353e21333e2831313/_/;/META-INF/maven/com.atlassian.jira/jira-webapp-dist/pom.properties [33m404[0m 0.228 ms - 46[0m
2025-11-18 12:25:19 +00:00: [0mGET /?rest_route=/wp/v2/users/ [33m404[0m 0.218 ms - 46[0m
2025-11-18 12:25:19 +00:00: [0mGET /config.json [33m404[0m 0.231 ms - 46[0m
2025-11-18 12:25:20 +00:00: [0mGET /config.json [33m404[0m 0.260 ms - 46[0m
2025-11-18 12:25:20 +00:00: [0mGET /telescope/requests [33m404[0m 0.346 ms - 46[0m
2025-11-18 12:25:20 +00:00: [0mGET /telescope/requests [33m404[0m 0.184 ms - 46[0m
2025-11-18 12:25:21 +00:00: [0mGET /config.json [33m404[0m 0.258 ms - 46[0m
2025-11-18 12:25:22 +00:00: [0mGET /info.php [33m404[0m 0.256 ms - 46[0m
2025-11-18 12:25:22 +00:00: [0mGET /telescope/requests [33m404[0m 0.198 ms - 46[0m
2025-11-18 12:25:22 +00:00: [0mGET /info.php [33m404[0m 0.234 ms - 46[0m
2025-11-18 12:25:22 +00:00: [0mGET /?rest_route=/wp/v2/users/ [33m404[0m 0.198 ms - 46[0m
2025-11-18 12:25:23 +00:00: [0mGET /info.php [33m404[0m 0.191 ms - 46[0m
2025-11-18 12:25:23 +00:00: [0mGET /?rest_route=/wp/v2/users/ [33m404[0m 0.194 ms - 46[0m
2025-11-18 12:25:25 +00:00: [0mGET /?rest_route=/wp/v2/users/ [33m404[0m 0.237 ms - 46[0m
2025-11-18 12:27:23 +00:00: [0mGET / [33m404[0m 0.206 ms - 46[0m
2025-11-18 12:27:23 +00:00: [0mGET /favicon.ico [33m404[0m 0.189 ms - 46[0m
2025-11-18 12:27:44 +00:00: [0mGET / [33m404[0m 0.191 ms - 46[0m
2025-11-18 12:27:44 +00:00: [0mGET /favicon.ico [33m404[0m 0.200 ms - 46[0m
2025-11-18 12:30:39 +00:00: [0mGET / [33m404[0m 0.196 ms - 46[0m
2025-11-18 12:35:07 +00:00: [0mGET / [33m404[0m 0.246 ms - 46[0m
2025-11-18 12:37:23 +00:00: [0mGET / [33m404[0m 0.207 ms - 46[0m
2025-11-18 12:59:11 +00:00: [0mGET / [33m404[0m 0.209 ms - 46[0m
2025-11-18 12:59:13 +00:00: [0mGET / [33m404[0m 0.206 ms - 46[0m
2025-11-18 13:03:51 +00:00: [0mGET /?fbclid=IwZXh0bgNhZW0CMTEAc3J0YwZhcHBfaWQMMjU2MjgxMDQwNTU4AAEeSy5CB3uj8h4b3KsVIdm6LHhkte2xAF6PxT1c1Sg2Utt0m_li9mrrSftSMgQ_aem_eeT5p0qTr3fLjVmFB4C0tA [33m404[0m 0.183 ms - 46[0m
2025-11-18 13:04:44 +00:00: [0mGET /?fbclid=IwZXh0bgNhZW0CMTEAc3J0YwZhcHBfaWQMMjU2MjgxMDQwNTU4AAEepMa6zTuZoAihpkFDElH4KsPQ-qZEjQz1spE3RMbownUHA4iK970c8YHjuvM_aem_gEm6YZkZDr1gOEl6LXd3nw [33m404[0m 0.224 ms - 46[0m
2025-11-18 13:15:11 +00:00: [0mGET / [33m404[0m 0.251 ms - 46[0m
2025-11-18 13:29:06 +00:00: [0mGET / [33m404[0m 0.235 ms - 46[0m
2025-11-18 13:30:08 +00:00: [0mGET / [33m404[0m 0.220 ms - 46[0m
2025-11-18 13:37:41 +00:00: [0mGET / [33m404[0m 0.232 ms - 46[0m
2025-11-18 13:38:04 +00:00: [0mGET / [33m404[0m 0.190 ms - 46[0m
2025-11-18 13:49:14 +00:00: [0mGET /robots.txt [33m404[0m 0.216 ms - 46[0m
2025-11-18 13:49:15 +00:00: [0mGET / [33m404[0m 0.201 ms - 46[0m
2025-11-18 13:55:00 +00:00: [0mGET / [33m404[0m 0.200 ms - 46[0m
2025-11-18 13:56:55 +00:00: [0mGET /.git/config [33m404[0m 0.247 ms - 46[0m
2025-11-18 14:05:02 +00:00: [0mGET / [33m404[0m 0.200 ms - 46[0m
2025-11-18 14:05:03 +00:00: [0mGET / [33m404[0m 0.261 ms - 46[0m
2025-11-18 14:07:20 +00:00: [0mGET / [33m404[0m 0.266 ms - 46[0m
2025-11-18 14:07:20 +00:00: [0mGET /js/twint_ch.js [33m404[0m 0.191 ms - 46[0m
2025-11-18 14:07:20 +00:00: [0mGET /css/support_parent.css [33m404[0m 0.220 ms - 46[0m
2025-11-18 14:07:20 +00:00: [0mGET /js/lkk_ch.js [33m404[0m 0.228 ms - 46[0m
2025-11-18 15:12:42 +00:00: [0mGET / [33m404[0m 0.217 ms - 46[0m
2025-11-18 15:22:23 +00:00: [0mGET / [33m404[0m 0.200 ms - 46[0m
2025-11-18 15:44:49 +00:00: [0mGET / [33m404[0m 0.198 ms - 46[0m
2025-11-18 15:44:53 +00:00: [0mGET / [33m404[0m 0.199 ms - 46[0m
2025-11-18 15:46:20 +00:00: [0mGET / [33m404[0m 0.193 ms - 46[0m
2025-11-18 15:46:20 +00:00: [0mGET / [33m404[0m 0.196 ms - 46[0m
2025-11-18 15:46:21 +00:00: [0mGET / [33m404[0m 0.202 ms - 46[0m
2025-11-18 15:46:22 +00:00: [0mGET / [33m404[0m 0.198 ms - 46[0m
2025-11-18 15:46:22 +00:00: [0mGET / [33m404[0m 0.196 ms - 46[0m
2025-11-18 15:46:23 +00:00: [0mGET / [33m404[0m 0.189 ms - 46[0m
2025-11-18 15:46:23 +00:00: [0mGET / [33m404[0m 0.195 ms - 46[0m
2025-11-18 15:46:25 +00:00: [0mGET / [33m404[0m 0.205 ms - 46[0m
2025-11-18 15:46:26 +00:00: [0mGET / [33m404[0m 0.243 ms - 46[0m
2025-11-18 15:46:26 +00:00: [0mGET / [33m404[0m 0.190 ms - 46[0m
2025-11-18 15:46:29 +00:00: [0mGET / [33m404[0m 0.187 ms - 46[0m
2025-11-18 15:46:29 +00:00: [0mGET / [33m404[0m 0.184 ms - 46[0m
2025-11-18 15:46:30 +00:00: [0mGET / [33m404[0m 0.191 ms - 46[0m
2025-11-18 15:46:30 +00:00: [0mGET / [33m404[0m 0.194 ms - 46[0m
2025-11-18 15:46:31 +00:00: [0mGET / [33m404[0m 0.258 ms - 46[0m
2025-11-18 15:46:31 +00:00: [0mGET / [33m404[0m 0.187 ms - 46[0m
2025-11-18 15:46:32 +00:00: [0mGET / [33m404[0m 0.199 ms - 46[0m
2025-11-18 15:46:32 +00:00: [0mGET / [33m404[0m 0.188 ms - 46[0m
2025-11-18 15:46:33 +00:00: [0mGET / [33m404[0m 0.215 ms - 46[0m
2025-11-18 15:46:33 +00:00: [0mGET / [33m404[0m 0.195 ms - 46[0m
2025-11-18 15:49:37 +00:00: [0mGET / [33m404[0m 0.240 ms - 46[0m
2025-11-18 15:52:38 +00:00: [0mGET / [33m404[0m 0.248 ms - 46[0m
2025-11-18 15:52:40 +00:00: [0mGET / [33m404[0m 0.210 ms - 46[0m
2025-11-18 15:52:40 +00:00: [0mGET /favicon.ico [33m404[0m 0.197 ms - 46[0m
2025-11-18 15:53:06 +00:00: [0mGET / [33m404[0m 0.208 ms - 46[0m
2025-11-18 15:54:49 +00:00: [0mGET / [33m404[0m 0.197 ms - 46[0m
2025-11-18 15:54:50 +00:00: [0mGET / [33m404[0m 0.198 ms - 46[0m
2025-11-18 15:55:04 +00:00: [0mGET / [33m404[0m 0.268 ms - 46[0m
2025-11-18 15:55:39 +00:00: [0mGET / [33m404[0m 0.207 ms - 46[0m
2025-11-18 15:56:06 +00:00: [0mGET / [33m404[0m 0.254 ms - 46[0m
2025-11-18 15:57:01 +00:00: [0mGET / [33m404[0m 0.206 ms - 46[0m
2025-11-18 15:57:02 +00:00: [0mGET / [33m404[0m 0.195 ms - 46[0m
2025-11-18 16:06:46 +00:00: [0mGET / [33m404[0m 0.205 ms - 46[0m
2025-11-18 16:34:44 +00:00: [0mGET / [33m404[0m 0.201 ms - 46[0m
2025-11-18 16:37:35 +00:00: [0mGET / [33m404[0m 0.238 ms - 46[0m
2025-11-18 16:45:20 +00:00: [0mGET / [33m404[0m 0.204 ms - 46[0m
2025-11-18 16:55:09 +00:00: [0mGET / [33m404[0m 0.295 ms - 46[0m
2025-11-18 16:55:12 +00:00: [0mGET /js/twint_ch.js [33m404[0m 0.200 ms - 46[0m
2025-11-18 16:55:14 +00:00: [0mGET /js/lkk_ch.js [33m404[0m 0.249 ms - 46[0m
2025-11-18 16:55:14 +00:00: [0mGET / [33m404[0m 0.208 ms - 46[0m
2025-11-18 16:55:14 +00:00: [0mGET /css/support_parent.css [33m404[0m 0.209 ms - 46[0m
2025-11-18 17:03:18 +00:00: [0mGET / [33m404[0m 0.196 ms - 46[0m
2025-11-18 17:12:37 +00:00: [0mGET / [33m404[0m 0.209 ms - 46[0m
2025-11-18 17:16:57 +00:00: [0mGET / [33m404[0m 0.304 ms - 46[0m
2025-11-18 17:17:24 +00:00: [0mGET / [33m404[0m 0.250 ms - 46[0m
2025-11-18 17:19:01 +00:00: [0mGET / [33m404[0m 0.264 ms - 46[0m
2025-11-18 17:51:37 +00:00: [0mGET /health [32m200[0m 0.622 ms - 54[0m
2025-11-18 17:52:20 +00:00: 
2025-11-18 17:52:20 +00:00: 📛 收到关闭信号，正在关闭...
2025-11-18 17:52:21 +00:00: ✅ MongoDB 已连接
2025-11-18 17:52:21 +00:00: 🚀 服务器运行在端口 8080
2025-11-18 17:52:21 +00:00: 📝 环境: development
2025-11-18 17:52:21 +00:00: 🔗 数据库: mongodb://root:g7d6ckdq@jianron-mongodb.ns-cxxiwxce.svc:27017/xiaodiyanxuan?authSource=admin
2025-11-18 17:52:21 +00:00: 📍 健康检查: http://localhost:8080/health
2025-11-18 17:52:35 +00:00: [0mGET /health [32m200[0m 2.132 ms - 54[0m
2025-11-18 17:52:44 +00:00: [0mPOST /api/auth/login [32m200[0m 30.481 ms - 343[0m
2025-11-18 17:53:32 +00:00: [0mGET /health [32m200[0m 0.418 ms - 54[0m
2025-11-18 17:53:32 +00:00: [0mPOST /api/auth/login [32m200[0m 7.660 ms - 343[0m
2025-11-18 17:54:16 +00:00: [0mGET /health [32m200[0m 0.389 ms - 54[0m
2025-11-18 17:54:16 +00:00: [0mPOST /api/auth/login [32m200[0m 9.107 ms - 343[0m
2025-11-18 17:54:16 +00:00: [0mPOST /api/auth/login [33m400[0m 0.430 ms - 91[0m
2025-11-18 18:26:16 +00:00: 
2025-11-18 18:26:16 +00:00: 📛 收到关闭信号，正在关闭...
2025-11-18 18:38:34 +00:00: ✅ MongoDB 已连接
2025-11-18 18:38:34 +00:00: 🚀 服务器运行在端口 8080
2025-11-18 18:38:34 +00:00: 📝 环境: development
2025-11-18 18:38:34 +00:00: 🔗 数据库: mongodb://root:g7d6ckdq@jianron-mongodb.ns-cxxiwxce.svc:27017/xiaodiyanxuan?authSource=admin
2025-11-18 18:38:34 +00:00: 📍 健康检查: http://localhost:8080/health
2025-11-18 18:38:55 +00:00: [0mGET /health [32m200[0m 2.241 ms - 54[0m
2025-11-18 18:39:39 +00:00: [0mGET /health [32m200[0m 0.472 ms - 54[0m
2025-11-18 19:01:36 +00:00: [0mGET /health [32m200[0m 0.405 ms - 54[0m
2025-11-18 19:30:12 +00:00: [0mGET /health [32m200[0m 0.261 ms - 54[0m
2025-11-18 19:30:12 +00:00: [0mPOST /api/upload [33m404[0m 0.635 ms - 46[0m
2025-11-18 19:52:46 +00:00: [0mPOST /api/auth/login [32m200[0m 31.804 ms - 343[0m
2025-11-18 20:21:13 +00:00: ✅ MongoDB 已连接
2025-11-18 20:21:13 +00:00: 🚀 服务器运行在端口 8080
2025-11-18 20:21:13 +00:00: 📝 环境: development
2025-11-18 20:21:13 +00:00: 🔗 数据库: mongodb://root:g7d6ckdq@jianron-mongodb.ns-cxxiwxce.svc:27017/xiaodiyanxuan?authSource=admin
2025-11-18 20:21:13 +00:00: 📍 健康检查: http://localhost:8080/health
2025-11-18 20:21:33 +00:00: [0mGET /health [32m200[0m 2.358 ms - 54[0m
2025-11-18 20:31:21 +00:00: 
2025-11-18 20:31:21 +00:00: 📛 收到关闭信号，正在关闭...
2025-11-18 20:37:02 +00:00: ✅ MongoDB 已连接
2025-11-18 20:37:02 +00:00: 🚀 服务器运行在端口 8080
2025-11-18 20:37:02 +00:00: 📝 环境: development
2025-11-18 20:37:02 +00:00: 🔗 数据库: mongodb://root:g7d6ckdq@jianron-mongodb.ns-cxxiwxce.svc:27017/xiaodiyanxuan?authSource=admin
2025-11-18 20:37:02 +00:00: 📍 健康检查: http://localhost:8080/health
2025-11-18 20:37:42 +00:00: [0mGET /health [32m200[0m 2.169 ms - 54[0m
2025-11-18 20:38:16 +00:00: [0mGET /health [32m200[0m 0.443 ms - 54[0m
2025-11-18 20:44:12 +00:00: [0mGET / [33m404[0m 1.076 ms - 46[0m
2025-11-18 20:44:12 +00:00: [0mGET /favicon.ico [33m404[0m 0.590 ms - 46[0m
2025-11-18 20:44:46 +00:00: [0mGET /health [32m200[0m 0.271 ms - 54[0m
2025-11-18 20:47:58 +00:00: [0mPOST /api/auth/login [32m200[0m 28.771 ms - 343[0m
2025-11-18 21:02:55 +00:00: [0mGET / [33m404[0m 0.308 ms - 46[0m
2025-11-18 21:29:37 +00:00: [0mGET / [33m404[0m 0.235 ms - 46[0m
2025-11-18 21:29:37 +00:00: [0mGET / [33m404[0m 0.261 ms - 46[0m
2025-11-18 21:29:37 +00:00: [0mGET / [33m404[0m 0.170 ms - 46[0m
2025-11-18 21:29:37 +00:00: [0mGET / [33m404[0m 0.467 ms - 46[0m
2025-11-18 21:29:37 +00:00: [0mGET / [33m404[0m 0.196 ms - 46[0m
2025-11-18 21:29:37 +00:00: [0mGET / [33m404[0m 0.211 ms - 46[0m
2025-11-18 21:29:37 +00:00: [0mGET / [33m404[0m 0.345 ms - 46[0m
2025-11-18 21:29:37 +00:00: [0mGET / [33m404[0m 0.232 ms - 46[0m
2025-11-18 21:29:37 +00:00: [0mGET / [33m404[0m 0.209 ms - 46[0m
2025-11-18 21:29:37 +00:00: [0mGET / [33m404[0m 0.213 ms - 46[0m
2025-11-18 21:29:38 +00:00: [0mGET / [33m404[0m 0.241 ms - 46[0m
2025-11-18 21:29:38 +00:00: [0mPOST /graphql [33m404[0m 0.699 ms - 46[0m
2025-11-18 21:29:38 +00:00: [0mGET / [33m404[0m 0.144 ms - 46[0m
2025-11-18 21:29:38 +00:00: [0mPOST /graphql [33m404[0m 0.426 ms - 46[0m
2025-11-18 21:29:38 +00:00: [0mPOST /graphql [33m404[0m 0.416 ms - 46[0m
2025-11-18 21:29:38 +00:00: [0mPOST /graphql [33m404[0m 0.462 ms - 46[0m
2025-11-18 21:29:38 +00:00: [0mGET / [33m404[0m 0.235 ms - 46[0m
2025-11-18 21:29:38 +00:00: [0mPOST /graphql [33m404[0m 0.435 ms - 46[0m
2025-11-18 21:29:38 +00:00: [0mGET /favicon.ico [33m404[0m 0.206 ms - 46[0m
2025-11-18 21:29:39 +00:00: [0mPOST /api [33m404[0m 0.654 ms - 46[0m
2025-11-18 21:29:39 +00:00: [0mPOST /api [33m404[0m 0.393 ms - 46[0m
2025-11-18 21:29:39 +00:00: [0mPOST /api [33m404[0m 0.824 ms - 46[0m
2025-11-18 21:29:39 +00:00: [0mPOST /graphql [33m404[0m 0.529 ms - 46[0m
2025-11-18 21:29:39 +00:00: [0mPOST /api [33m404[0m 0.437 ms - 46[0m
2025-11-18 21:29:39 +00:00: [0mPOST /api [33m404[0m 0.489 ms - 46[0m
2025-11-18 21:29:39 +00:00: [0mPOST /api/graphql [33m404[0m 0.441 ms - 46[0m
2025-11-18 21:29:39 +00:00: [0mPOST /api/graphql [33m404[0m 0.411 ms - 46[0m
2025-11-18 21:29:39 +00:00: [0mPOST /api/graphql [33m404[0m 0.420 ms - 46[0m
2025-11-18 21:29:40 +00:00: [0mPOST /api [33m404[0m 0.454 ms - 46[0m
2025-11-18 21:29:40 +00:00: [0mPOST /api/graphql [33m404[0m 0.412 ms - 46[0m
2025-11-18 21:29:40 +00:00: [0mPOST /graphql/api [33m404[0m 0.452 ms - 46[0m
2025-11-18 21:29:40 +00:00: [0mPOST /api/graphql [33m404[0m 0.573 ms - 46[0m
2025-11-18 21:29:40 +00:00: [0mPOST /graphql/api [33m404[0m 0.410 ms - 46[0m
2025-11-18 21:29:40 +00:00: [0mPOST /graphql/api [33m404[0m 0.449 ms - 46[0m
2025-11-18 21:29:40 +00:00: [0mPOST /api/graphql [33m404[0m 0.424 ms - 46[0m
2025-11-18 21:29:41 +00:00: [0mPOST /graphql/api [33m404[0m 0.389 ms - 46[0m
2025-11-18 21:29:41 +00:00: [0mPOST /api/gql [33m404[0m 0.456 ms - 46[0m
2025-11-18 21:29:41 +00:00: [0mPOST /api/gql [33m404[0m 0.429 ms - 46[0m
2025-11-18 21:29:41 +00:00: [0mPOST /graphql/api [33m404[0m 0.326 ms - 46[0m
2025-11-18 21:29:41 +00:00: [0mPOST /graphql/api [33m404[0m 0.353 ms - 46[0m
2025-11-18 21:29:41 +00:00: [0mPOST /api/gql [33m404[0m 0.360 ms - 46[0m
2025-11-18 21:29:42 +00:00: [0mPOST /api/gql [33m404[0m 0.452 ms - 46[0m
2025-11-18 21:29:42 +00:00: [0mGET /swagger-ui.html [33m404[0m 0.207 ms - 46[0m
2025-11-18 21:29:42 +00:00: [0mPOST /api/gql [33m404[0m 0.478 ms - 46[0m
2025-11-18 21:29:42 +00:00: [0mPOST /api/gql [33m404[0m 0.405 ms - 46[0m
2025-11-18 21:29:42 +00:00: [0mGET /swagger-ui.html [33m404[0m 0.167 ms - 46[0m
2025-11-18 21:29:42 +00:00: [0mGET /swagger-ui.html [33m404[0m 0.238 ms - 46[0m
2025-11-18 21:29:42 +00:00: [0mGET / [33m404[0m 0.222 ms - 46[0m
2025-11-18 21:29:42 +00:00: [0mGET /@vite/env [33m404[0m 0.207 ms - 46[0m
2025-11-18 21:29:42 +00:00: [0mGET /swagger/index.html [33m404[0m 0.235 ms - 46[0m
2025-11-18 21:29:42 +00:00: [0mGET /swagger-ui.html [33m404[0m 0.187 ms - 46[0m
2025-11-18 21:29:42 +00:00: [0mGET /swagger-ui.html [33m404[0m 0.204 ms - 46[0m
2025-11-18 21:29:42 +00:00: [0mGET /actutor/env [33m404[0m 0.187 ms - 46[0m
2025-11-18 21:29:42 +00:00: [0mGET /swagger/index.html [33m404[0m 0.210 ms - 46[0m
2025-11-18 21:29:43 +00:00: [0mGET /.vscode/sftp.json [33m404[0m 0.358 ms - 46[0m
2025-11-18 21:29:43 +00:00: [0mGET /swagger-ui.html [33m404[0m 0.230 ms - 46[0m
2025-11-18 21:29:43 +00:00: [0mGET /.env [33m404[0m 0.298 ms - 46[0m
2025-11-18 21:29:43 +00:00: [0mGET /swagger/index.html [33m404[0m 0.190 ms - 46[0m
2025-11-18 21:29:43 +00:00: [0mGET /swagger/index.html [33m404[0m 0.300 ms - 46[0m
2025-11-18 21:29:43 +00:00: [0mGET /swagger/swagger-ui.html [33m404[0m 0.175 ms - 46[0m
2025-11-18 21:29:43 +00:00: [0mGET /.git/config [33m404[0m 0.201 ms - 46[0m
2025-11-18 21:29:43 +00:00: [0mGET /swagger/index.html [33m404[0m 0.206 ms - 46[0m
2025-11-18 21:29:43 +00:00: [0mGET /swagger/swagger-ui.html [33m404[0m 0.219 ms - 46[0m
2025-11-18 21:29:43 +00:00: [0mGET /swagger/index.html [33m404[0m 0.246 ms - 46[0m
2025-11-18 21:29:44 +00:00: [0mGET /webjars/swagger-ui/index.html [33m404[0m 0.198 ms - 46[0m
2025-11-18 21:29:44 +00:00: [0mGET /swagger/swagger-ui.html [33m404[0m 0.139 ms - 46[0m
2025-11-18 21:29:44 +00:00: [0mGET /swagger/swagger-ui.html [33m404[0m 0.173 ms - 46[0m
2025-11-18 21:29:44 +00:00: [0mGET /webjars/swagger-ui/index.html [33m404[0m 0.211 ms - 46[0m
2025-11-18 21:29:44 +00:00: [0mGET /swagger/swagger-ui.html [33m404[0m 0.176 ms - 46[0m
2025-11-18 21:29:44 +00:00: [0mGET /swagger/swagger-ui.html [33m404[0m 0.206 ms - 46[0m
2025-11-18 21:29:44 +00:00: [0mGET /swagger.json [33m404[0m 0.208 ms - 46[0m
2025-11-18 21:29:44 +00:00: [0mGET /webjars/swagger-ui/index.html [33m404[0m 0.210 ms - 46[0m
2025-11-18 21:29:44 +00:00: [0mGET /webjars/swagger-ui/index.html [33m404[0m 0.209 ms - 46[0m
2025-11-18 21:29:44 +00:00: [0mGET /swagger.json [33m404[0m 0.214 ms - 46[0m
2025-11-18 21:29:45 +00:00: [0mGET /webjars/swagger-ui/index.html [33m404[0m 0.195 ms - 46[0m
2025-11-18 21:29:45 +00:00: [0mGET / [33m404[0m 0.212 ms - 46[0m
2025-11-18 21:29:45 +00:00: [0mGET /webjars/swagger-ui/index.html [33m404[0m 0.300 ms - 46[0m
2025-11-18 21:29:45 +00:00: [0mGET /swagger/v1/swagger.json [33m404[0m 0.177 ms - 46[0m
2025-11-18 21:29:45 +00:00: [0mGET /swagger.json [33m404[0m 0.194 ms - 46[0m
2025-11-18 21:29:45 +00:00: [0mGET /swagger.json [33m404[0m 0.287 ms - 46[0m
2025-11-18 21:29:45 +00:00: [0mGET /swagger/v1/swagger.json [33m404[0m 0.218 ms - 46[0m
2025-11-18 21:29:45 +00:00: [0mGET /swagger.json [33m404[0m 0.197 ms - 46[0m
2025-11-18 21:29:46 +00:00: [0mGET /v2/api-docs [33m404[0m 0.225 ms - 46[0m
2025-11-18 21:29:46 +00:00: [0mGET /swagger/v1/swagger.json [33m404[0m 0.222 ms - 46[0m
2025-11-18 21:29:46 +00:00: [0mGET / [33m404[0m 0.185 ms - 46[0m
2025-11-18 21:29:46 +00:00: [0mGET /swagger.json [33m404[0m 0.146 ms - 46[0m
2025-11-18 21:29:46 +00:00: [0mGET /swagger/v1/swagger.json [33m404[0m 0.201 ms - 46[0m
2025-11-18 21:29:46 +00:00: [0mGET /v2/api-docs [33m404[0m 0.219 ms - 46[0m
2025-11-18 21:29:46 +00:00: [0mGET /swagger/v1/swagger.json [33m404[0m 0.189 ms - 46[0m
2025-11-18 21:29:46 +00:00: [0mGET /v3/api-docs [33m404[0m 0.187 ms - 46[0m
2025-11-18 21:29:46 +00:00: [0mGET /v2/api-docs [33m404[0m 0.210 ms - 46[0m
2025-11-18 21:29:46 +00:00: [0mGET /v2/api-docs [33m404[0m 0.196 ms - 46[0m
2025-11-18 21:29:46 +00:00: [0mGET /v3/api-docs [33m404[0m 0.251 ms - 46[0m
2025-11-18 21:29:46 +00:00: [0mGET /swagger/v1/swagger.json [33m404[0m 0.180 ms - 46[0m
2025-11-18 21:29:47 +00:00: [0mGET /v2/api-docs [33m404[0m 0.236 ms - 46[0m
2025-11-18 21:29:47 +00:00: [0mGET /api-docs/swagger.json [33m404[0m 0.241 ms - 46[0m
2025-11-18 21:29:47 +00:00: [0mGET /v3/api-docs [33m404[0m 0.180 ms - 46[0m
2025-11-18 21:29:47 +00:00: [0mGET /v3/api-docs [33m404[0m 0.186 ms - 46[0m
2025-11-18 21:29:47 +00:00: [0mGET /api-docs/swagger.json [33m404[0m 0.190 ms - 46[0m
2025-11-18 21:29:47 +00:00: [0mGET /v2/api-docs [33m404[0m 0.215 ms - 46[0m
2025-11-18 21:29:48 +00:00: [0mGET /api/swagger.json [33m404[0m 0.192 ms - 46[0m
2025-11-18 21:29:48 +00:00: [0mGET /api-docs/swagger.json [33m404[0m 0.147 ms - 46[0m
2025-11-18 21:29:48 +00:00: [0mGET /v3/api-docs [33m404[0m 0.184 ms - 46[0m
2025-11-18 21:29:48 +00:00: [0mGET /api-docs/swagger.json [33m404[0m 0.184 ms - 46[0m
2025-11-18 21:29:48 +00:00: [0mGET /api/swagger.json [33m404[0m 0.196 ms - 46[0m
2025-11-18 21:29:48 +00:00: [0mGET /v3/api-docs [33m404[0m 0.191 ms - 46[0m
2025-11-18 21:29:48 +00:00: [0mGET /api/swagger.json [33m404[0m 0.285 ms - 46[0m
2025-11-18 21:29:48 +00:00: [0mGET /@vite/env [33m404[0m 0.209 ms - 46[0m
2025-11-18 21:29:48 +00:00: [0mGET /api/swagger.json [33m404[0m 0.196 ms - 46[0m
2025-11-18 21:29:48 +00:00: [0mGET /@vite/env [33m404[0m 0.231 ms - 46[0m
2025-11-18 21:29:48 +00:00: [0mGET /api-docs/swagger.json [33m404[0m 0.140 ms - 46[0m
2025-11-18 21:29:49 +00:00: [0mGET /api-docs/swagger.json [33m404[0m 0.193 ms - 46[0m
2025-11-18 21:29:49 +00:00: [0mGET /@vite/env [33m404[0m 0.226 ms - 46[0m
2025-11-18 21:29:49 +00:00: [0mGET /actuator/env [33m404[0m 0.257 ms - 46[0m
2025-11-18 21:29:49 +00:00: [0mGET /@vite/env [33m404[0m 0.232 ms - 46[0m
2025-11-18 21:29:49 +00:00: [0mGET /actuator/env [33m404[0m 0.198 ms - 46[0m
2025-11-18 21:29:49 +00:00: [0mGET /api/swagger.json [33m404[0m 0.207 ms - 46[0m
2025-11-18 21:29:50 +00:00: [0mGET /api/swagger.json [33m404[0m 0.208 ms - 46[0m
2025-11-18 21:29:50 +00:00: [0mGET /actuator/env [33m404[0m 0.210 ms - 46[0m
2025-11-18 21:29:50 +00:00: [0mGET /server [33m404[0m 0.231 ms - 46[0m
2025-11-18 21:29:50 +00:00: [0mGET /actuator/env [33m404[0m 0.206 ms - 46[0m
2025-11-18 21:29:50 +00:00: [0mGET /server [33m404[0m 0.222 ms - 46[0m
2025-11-18 21:29:50 +00:00: [0mGET /@vite/env [33m404[0m 0.253 ms - 46[0m
2025-11-18 21:29:50 +00:00: [0mGET /server [33m404[0m 0.222 ms - 46[0m
2025-11-18 21:29:50 +00:00: [0mGET /version [33m404[0m 0.207 ms - 46[0m
2025-11-18 21:29:50 +00:00: [0mGET /server [33m404[0m 0.197 ms - 46[0m
2025-11-18 21:29:50 +00:00: [0mGET /version [33m404[0m 0.196 ms - 46[0m
2025-11-18 21:29:50 +00:00: [0mGET /@vite/env [33m404[0m 0.206 ms - 46[0m
2025-11-18 21:29:51 +00:00: [0mGET /actuator/env [33m404[0m 0.201 ms - 46[0m
2025-11-18 21:29:51 +00:00: [0mGET /version [33m404[0m 0.220 ms - 46[0m
2025-11-18 21:29:51 +00:00: [0mGET /.vscode/sftp.json [33m404[0m 0.201 ms - 46[0m
2025-11-18 21:29:51 +00:00: [0mGET /version [33m404[0m 0.195 ms - 46[0m
2025-11-18 21:29:51 +00:00: [0mGET /.vscode/sftp.json [33m404[0m 0.210 ms - 46[0m
2025-11-18 21:29:51 +00:00: [0mGET /actuator/env [33m404[0m 0.216 ms - 46[0m
2025-11-18 21:29:52 +00:00: [0mGET /.vscode/sftp.json [33m404[0m 0.223 ms - 46[0m
2025-11-18 21:29:52 +00:00: [0mGET /about [33m404[0m 0.212 ms - 46[0m
2025-11-18 21:29:52 +00:00: [0mGET /server [33m404[0m 0.176 ms - 46[0m
2025-11-18 21:29:52 +00:00: [0mGET /.vscode/sftp.json [33m404[0m 0.233 ms - 46[0m
2025-11-18 21:29:52 +00:00: [0mGET /about [33m404[0m 0.211 ms - 46[0m
2025-11-18 21:29:52 +00:00: [0mGET /about [33m404[0m 0.207 ms - 46[0m
2025-11-18 21:29:52 +00:00: [0mGET /server [33m404[0m 0.201 ms - 46[0m
2025-11-18 21:29:52 +00:00: [0mGET /debug/default/view?panel=config [33m404[0m 0.201 ms - 46[0m
2025-11-18 21:29:53 +00:00: [0mGET /about [33m404[0m 0.214 ms - 46[0m
2025-11-18 21:29:53 +00:00: [0mGET /debug/default/view?panel=config [33m404[0m 0.225 ms - 46[0m
2025-11-18 21:29:53 +00:00: [0mGET /version [33m404[0m 0.167 ms - 46[0m
2025-11-18 21:29:53 +00:00: [0mGET /debug/default/view?panel=config [33m404[0m 0.201 ms - 46[0m
2025-11-18 21:29:53 +00:00: [0mGET /version [33m404[0m 0.196 ms - 46[0m
2025-11-18 21:29:53 +00:00: [0mGET /v2/_catalog [33m404[0m 0.225 ms - 46[0m
2025-11-18 21:29:53 +00:00: [0mGET /debug/default/view?panel=config [33m404[0m 0.161 ms - 46[0m
2025-11-18 21:29:53 +00:00: [0mGET /v2/_catalog [33m404[0m 0.273 ms - 46[0m
2025-11-18 21:29:54 +00:00: [0mGET /v2/_catalog [33m404[0m 0.299 ms - 46[0m
2025-11-18 21:29:54 +00:00: [0mGET /.vscode/sftp.json [33m404[0m 0.281 ms - 46[0m
2025-11-18 21:29:54 +00:00: [0mGET /ecp/Current/exporttool/microsoft.exchange.ediscovery.exporttool.application [33m404[0m 0.213 ms - 46[0m
2025-11-18 21:29:54 +00:00: [0mGET /v2/_catalog [33m404[0m 0.195 ms - 46[0m
2025-11-18 21:29:54 +00:00: [0mGET /.vscode/sftp.json [33m404[0m 0.207 ms - 46[0m
2025-11-18 21:29:54 +00:00: [0mGET /ecp/Current/exporttool/microsoft.exchange.ediscovery.exporttool.application [33m404[0m 0.210 ms - 46[0m
2025-11-18 21:29:54 +00:00: [0mGET /ecp/Current/exporttool/microsoft.exchange.ediscovery.exporttool.application [33m404[0m 0.198 ms - 46[0m
2025-11-18 21:29:54 +00:00: [0mGET /server-status [33m404[0m 0.228 ms - 46[0m
2025-11-18 21:29:54 +00:00: [0mGET /about [33m404[0m 0.176 ms - 46[0m
2025-11-18 21:29:55 +00:00: [0mGET /ecp/Current/exporttool/microsoft.exchange.ediscovery.exporttool.application [33m404[0m 0.217 ms - 46[0m
2025-11-18 21:29:55 +00:00: [0mGET /about [33m404[0m 0.220 ms - 46[0m
2025-11-18 21:29:55 +00:00: [0mGET /server-status [33m404[0m 0.200 ms - 46[0m
2025-11-18 21:29:55 +00:00: [0mGET /server-status [33m404[0m 0.194 ms - 46[0m
2025-11-18 21:29:55 +00:00: [0mGET /login.action [33m404[0m 0.233 ms - 46[0m
2025-11-18 21:29:55 +00:00: [0mGET /server-status [33m404[0m 0.214 ms - 46[0m
2025-11-18 21:29:55 +00:00: [0mGET /debug/default/view?panel=config [33m404[0m 0.183 ms - 46[0m
2025-11-18 21:29:55 +00:00: [0mGET /debug/default/view?panel=config [33m404[0m 0.215 ms - 46[0m
2025-11-18 21:29:56 +00:00: [0mGET /login.action [33m404[0m 0.219 ms - 46[0m
2025-11-18 21:29:56 +00:00: [0mGET /login.action [33m404[0m 0.191 ms - 46[0m
2025-11-18 21:29:56 +00:00: [0mGET /_all_dbs [33m404[0m 0.206 ms - 46[0m
2025-11-18 21:29:56 +00:00: [0mGET /login.action [33m404[0m 0.206 ms - 46[0m
2025-11-18 21:29:56 +00:00: [0mGET /v2/_catalog [33m404[0m 0.209 ms - 46[0m
2025-11-18 21:29:56 +00:00: [0mGET / [33m404[0m 0.193 ms - 46[0m
2025-11-18 21:29:56 +00:00: [0mGET /_all_dbs [33m404[0m 0.166 ms - 46[0m
2025-11-18 21:29:56 +00:00: [0mGET /v2/_catalog [33m404[0m 0.179 ms - 46[0m
2025-11-18 21:29:56 +00:00: [0mGET /@vite/env [33m404[0m 0.215 ms - 46[0m
2025-11-18 21:29:56 +00:00: [0mGET /.DS_Store [33m404[0m 0.211 ms - 46[0m
2025-11-18 21:29:57 +00:00: [0mGET /actutor/env [33m404[0m 0.210 ms - 46[0m
2025-11-18 21:29:57 +00:00: [0mGET /_all_dbs [33m404[0m 0.192 ms - 46[0m
2025-11-18 21:29:57 +00:00: [0mGET /ecp/Current/exporttool/microsoft.exchange.ediscovery.exporttool.application [33m404[0m 0.228 ms - 46[0m
2025-11-18 21:29:57 +00:00: [0mGET /.DS_Store [33m404[0m 0.289 ms - 46[0m
2025-11-18 21:29:57 +00:00: [0mGET /.vscode/sftp.json [33m404[0m 0.150 ms - 46[0m
2025-11-18 21:29:57 +00:00: [0mGET /ecp/Current/exporttool/microsoft.exchange.ediscovery.exporttool.application [33m404[0m 0.190 ms - 46[0m
2025-11-18 21:29:57 +00:00: [0mGET /.env [33m404[0m 0.189 ms - 46[0m
2025-11-18 21:29:57 +00:00: [0mGET /.env [33m404[0m 0.208 ms - 46[0m
2025-11-18 21:29:57 +00:00: [0mGET /.DS_Store [33m404[0m 0.193 ms - 46[0m
2025-11-18 21:29:57 +00:00: [0mGET /.git/config [33m404[0m 0.221 ms - 46[0m
2025-11-18 21:29:58 +00:00: [0mGET /.env [33m404[0m 0.269 ms - 46[0m
2025-11-18 21:29:58 +00:00: [0mGET /server-status [33m404[0m 0.190 ms - 46[0m
2025-11-18 21:29:58 +00:00: [0mGET /server-status [33m404[0m 0.277 ms - 46[0m
2025-11-18 21:29:58 +00:00: [0mGET /.git/config [33m404[0m 0.195 ms - 46[0m
2025-11-18 21:29:58 +00:00: [0mGET /.env [33m404[0m 0.196 ms - 46[0m
2025-11-18 21:29:58 +00:00: [0mGET /.git/config [33m404[0m 0.186 ms - 46[0m
2025-11-18 21:29:58 +00:00: [0mGET /login.action [33m404[0m 0.190 ms - 46[0m
2025-11-18 21:29:59 +00:00: [0mGET /login.action [33m404[0m 0.245 ms - 46[0m
2025-11-18 21:29:59 +00:00: [0mGET /.git/config [33m404[0m 0.212 ms - 46[0m
2025-11-18 21:29:59 +00:00: [0mGET /s/731323e28353e21333e2831313/_/;/META-INF/maven/com.atlassian.jira/jira-webapp-dist/pom.properties [33m404[0m 0.179 ms - 46[0m
2025-11-18 21:29:59 +00:00: [0mGET /_all_dbs [33m404[0m 0.189 ms - 46[0m
2025-11-18 21:29:59 +00:00: [0mGET /s/638313e2131323e243e2332323/_/;/META-INF/maven/com.atlassian.jira/jira-webapp-dist/pom.properties [33m404[0m 0.244 ms - 46[0m
2025-11-18 21:29:59 +00:00: [0mGET /_all_dbs [33m404[0m 0.258 ms - 46[0m
2025-11-18 21:29:59 +00:00: [0mGET /s/638313e2131323e243e2332323/_/;/META-INF/maven/com.atlassian.jira/jira-webapp-dist/pom.properties [33m404[0m 0.316 ms - 46[0m
2025-11-18 21:29:59 +00:00: [0mGET /_all_dbs [33m404[0m 0.186 ms - 46[0m
2025-11-18 21:29:59 +00:00: [0mGET /config.json [33m404[0m 0.146 ms - 46[0m
2025-11-18 21:30:00 +00:00: [0mGET /config.json [33m404[0m 0.189 ms - 46[0m
2025-11-18 21:30:00 +00:00: [0mGET /.DS_Store [33m404[0m 0.220 ms - 46[0m
2025-11-18 21:30:00 +00:00: [0mGET /config.json [33m404[0m 0.210 ms - 46[0m
2025-11-18 21:30:00 +00:00: [0mGET /telescope/requests [33m404[0m 0.211 ms - 46[0m
2025-11-18 21:30:00 +00:00: [0mGET /.DS_Store [33m404[0m 0.190 ms - 46[0m
2025-11-18 21:30:00 +00:00: [0mGET /telescope/requests [33m404[0m 0.204 ms - 46[0m
2025-11-18 21:30:01 +00:00: [0mGET /telescope/requests [33m404[0m 0.320 ms - 46[0m
2025-11-18 21:30:01 +00:00: [0mGET /.env [33m404[0m 0.188 ms - 46[0m
2025-11-18 21:30:01 +00:00: [0mGET /info.php [33m404[0m 0.187 ms - 46[0m
2025-11-18 21:30:01 +00:00: [0mGET /info.php [33m404[0m 0.280 ms - 46[0m
2025-11-18 21:30:01 +00:00: [0mGET /.env [33m404[0m 0.341 ms - 46[0m
2025-11-18 21:30:01 +00:00: [0mGET /info.php [33m404[0m 0.190 ms - 46[0m
2025-11-18 21:30:01 +00:00: [0mGET /?rest_route=/wp/v2/users/ [33m404[0m 0.215 ms - 46[0m
2025-11-18 21:30:01 +00:00: [0mGET /.git/config [33m404[0m 0.195 ms - 46[0m
2025-11-18 21:30:02 +00:00: [0mGET /?rest_route=/wp/v2/users/ [33m404[0m 0.188 ms - 46[0m
2025-11-18 21:30:02 +00:00: [0mGET /.git/config [33m404[0m 0.188 ms - 46[0m
2025-11-18 21:30:02 +00:00: [0mGET /.DS_Store [33m404[0m 0.205 ms - 46[0m
2025-11-18 21:30:02 +00:00: [0mGET /?rest_route=/wp/v2/users/ [33m404[0m 0.219 ms - 46[0m
2025-11-18 21:30:02 +00:00: [0mGET /s/732323e26333e28393e27343/_/;/META-INF/maven/com.atlassian.jira/jira-webapp-dist/pom.properties [33m404[0m 0.212 ms - 46[0m
2025-11-18 21:30:03 +00:00: [0mGET /s/4393e2236313e26323e2032313/_/;/META-INF/maven/com.atlassian.jira/jira-webapp-dist/pom.properties [33m404[0m 0.192 ms - 46[0m
2025-11-18 21:30:03 +00:00: [0mGET /.env [33m404[0m 0.192 ms - 46[0m
2025-11-18 21:30:03 +00:00: [0mGET /config.json [33m404[0m 0.213 ms - 46[0m
2025-11-18 21:30:03 +00:00: [0mGET /config.json [33m404[0m 0.277 ms - 46[0m
2025-11-18 21:30:04 +00:00: [0mGET /telescope/requests [33m404[0m 0.228 ms - 46[0m
2025-11-18 21:30:04 +00:00: [0mGET /telescope/requests [33m404[0m 0.204 ms - 46[0m
2025-11-18 21:30:05 +00:00: [0mGET /info.php [33m404[0m 0.192 ms - 46[0m
2025-11-18 21:30:05 +00:00: [0mGET /info.php [33m404[0m 0.319 ms - 46[0m
2025-11-18 21:30:05 +00:00: [0mGET /?rest_route=/wp/v2/users/ [33m404[0m 0.200 ms - 46[0m
2025-11-18 21:30:06 +00:00: [0mGET /?rest_route=/wp/v2/users/ [33m404[0m 0.206 ms - 46[0m
2025-11-18 21:30:08 +00:00: [0mGET /s/8323e2331323e20343e2132313/_/;/META-INF/maven/com.atlassian.jira/jira-webapp-dist/pom.properties [33m404[0m 0.232 ms - 46[0m
2025-11-18 21:30:12 +00:00: [0mGET /config.json [33m404[0m 0.213 ms - 46[0m
2025-11-18 21:30:14 +00:00: [0mGET /telescope/requests [33m404[0m 0.219 ms - 46[0m
2025-11-18 21:30:19 +00:00: [0mGET /?rest_route=/wp/v2/users/ [33m404[0m 0.200 ms - 46[0m
2025-11-18 21:31:14 +00:00: [0mHEAD /health [32m200[0m 0.302 ms - 54[0m
2025-11-18 21:31:17 +00:00: [0mGET / [33m404[0m 0.196 ms - 46[0m
2025-11-18 21:31:17 +00:00: [0mGET /@vite/env [33m404[0m 0.219 ms - 46[0m
2025-11-18 21:31:18 +00:00: [0mGET /actutor/env [33m404[0m 0.305 ms - 46[0m
2025-11-18 21:31:18 +00:00: [0mGET /.vscode/sftp.json [33m404[0m 0.221 ms - 46[0m
2025-11-18 21:31:18 +00:00: [0mGET /.env [33m404[0m 0.197 ms - 46[0m
2025-11-18 21:31:18 +00:00: [0mGET /.git/config [33m404[0m 0.210 ms - 46[0m
2025-11-18 21:31:49 +00:00: [0mGET / [33m404[0m 0.222 ms - 46[0m
2025-11-18 21:31:49 +00:00: [0mGET / [33m404[0m 0.194 ms - 46[0m
2025-11-18 21:31:49 +00:00: [0mGET /favicon.ico [33m404[0m 0.192 ms - 46[0m
2025-11-18 21:31:49 +00:00: [0mGET /favicon.ico [33m404[0m 0.194 ms - 46[0m
2025-11-18 21:34:33 +00:00: [0mGET / [33m404[0m 0.211 ms - 46[0m
2025-11-18 21:36:59 +00:00: [0mGET / [33m404[0m 0.224 ms - 46[0m
2025-11-18 21:37:13 +00:00: [0mGET / [33m404[0m 0.201 ms - 46[0m
2025-11-18 21:38:48 +00:00: [0mPOST /api/init-admin [33m404[0m 0.490 ms - 46[0m
2025-11-18 21:39:34 +00:00: [0mPOST /api/init-admin [33m404[0m 0.563 ms - 46[0m
2025-11-18 21:39:35 +00:00: [0mPOST /api/auth/login [33m400[0m 0.553 ms - 91[0m
2025-11-18 21:41:57 +00:00: [0mHEAD / [33m404[0m 0.238 ms - 46[0m
2025-11-18 21:42:08 +00:00: [0mHEAD / [33m404[0m 0.220 ms - 46[0m
2025-11-18 21:42:59 +00:00: [0mGET / [33m404[0m 0.196 ms - 46[0m
2025-11-18 21:43:40 +00:00: [0mPOST /api/auth/login [33m400[0m 0.432 ms - 91[0m
2025-11-18 21:46:33 +00:00: [0mGET / [33m404[0m 0.234 ms - 46[0m
2025-11-18 21:46:35 +00:00: [0mGET / [33m404[0m 0.195 ms - 46[0m
2025-11-18 21:50:23 +00:00: [0mGET /api [33m404[0m 0.212 ms - 46[0m
2025-11-18 21:51:23 +00:00: [0mGET / [33m404[0m 0.198 ms - 46[0m
2025-11-18 21:51:26 +00:00: [0mGET / [33m404[0m 0.195 ms - 46[0m
2025-11-18 21:55:41 +00:00: [0mPOST /api/auth/login [33m401[0m 3.239 ms - 66[0m
2025-11-18 21:58:14 +00:00: [0mGET / [33m404[0m 0.207 ms - 46[0m
2025-11-18 21:58:43 +00:00: [0mGET / [33m404[0m 0.199 ms - 46[0m
2025-11-18 22:03:29 +00:00: [0mGET /?fbclid=IwZXh0bgNhZW0CMTEAc3J0YwZhcHBfaWQMMjU2MjgxMDQwNTU4AAEe_FjI7mRDWedpo8r4pBQRbJTXm8q_lYr2FpT32to5aXDP-DRPijXuYFsouoQ_aem_rcyXYyS9a7weXGaSOcbnww [33m404[0m 0.241 ms - 46[0m
2025-11-18 22:10:53 +00:00: [0mGET / [33m404[0m 0.214 ms - 46[0m
2025-11-18 22:11:13 +00:00: [0mGET / [33m404[0m 0.191 ms - 46[0m
2025-11-18 22:15:46 +00:00: [0mGET /robots.txt [33m404[0m 0.199 ms - 46[0m
2025-11-18 22:15:47 +00:00: [0mGET / [33m404[0m 0.218 ms - 46[0m
2025-11-18 22:19:38 +00:00: [0mGET / [33m404[0m 0.197 ms - 46[0m
2025-11-18 22:19:52 +00:00: [0mGET / [33m404[0m 0.258 ms - 46[0m
2025-11-18 22:22:28 +00:00: [0mGET / [33m404[0m 0.221 ms - 46[0m
2025-11-18 22:22:31 +00:00: [0mGET / [33m404[0m 0.227 ms - 46[0m
2025-11-18 22:27:14 +00:00: [0mGET / [33m404[0m 0.192 ms - 46[0m
2025-11-18 22:28:20 +00:00: [0mGET / [33m404[0m 0.275 ms - 46[0m
2025-11-18 22:28:21 +00:00: [0mGET / [33m404[0m 0.196 ms - 46[0m
2025-11-18 22:28:50 +00:00: [0mGET / [33m404[0m 0.200 ms - 46[0m
2025-11-18 22:29:03 +00:00: [0mGET / [33m404[0m 0.209 ms - 46[0m
2025-11-19 01:09:39 +00:00: [0mGET /health [32m200[0m 0.310 ms - 54[0m
2025-11-19 01:09:39 +00:00: [0mGET /favicon.ico [33m404[0m 0.200 ms - 46[0m
2025-11-19 01:17:07 +00:00: [0mGET / [33m404[0m 0.217 ms - 46[0m
2025-11-19 01:18:11 +00:00: [0mGET / [33m404[0m 0.190 ms - 46[0m
2025-11-19 01:18:20 +00:00: [0mGET / [33m404[0m 0.216 ms - 46[0m
2025-11-19 01:21:53 +00:00: [0mGET / [33m404[0m 0.214 ms - 46[0m
2025-11-19 01:21:56 +00:00: [0mGET / [33m404[0m 0.193 ms - 46[0m
2025-11-19 01:23:32 +00:00: [0mGET / [33m404[0m 0.233 ms - 46[0m
2025-11-19 01:25:49 +00:00: [0mGET / [33m404[0m 0.195 ms - 46[0m
2025-11-19 04:47:18 +00:00: [0mGET / [33m404[0m 0.322 ms - 46[0m
2025-11-19 04:47:18 +00:00: [0mGET /favicon.ico [33m404[0m 0.187 ms - 46[0m
2025-11-19 04:47:19 +00:00: [0mGET /api/categories/tree [31m500[0m 4.007 ms - 149[0m
2025-11-19 04:47:19 +00:00: [0mGET /api/favorites?page=1&limit=10 [33m401[0m 0.236 ms - 71[0m
2025-11-19 09:45:36 +00:00: [0mGET / [33m404[0m 0.212 ms - 46[0m
2025-11-19 09:46:57 +00:00: [0mGET /health [32m200[0m 0.225 ms - 54[0m
2025-11-19 09:46:57 +00:00: [0mGET /api/ [33m404[0m 0.181 ms - 46[0m
2025-11-19 09:46:57 +00:00: [0mGET /api/users [33m401[0m 0.201 ms - 71[0m
2025-11-19 09:46:57 +00:00: [0mGET /api/products [32m200[0m 8.564 ms - 86[0m
2025-11-19 09:47:37 +00:00: [0mPOST /api/auth/login [32m200[0m 18.249 ms - 343[0m
2025-11-19 09:47:37 +00:00: [0mGET /api/users/profile [32m200[0m 4.959 ms - 382[0m
2025-11-19 09:49:54 +00:00: [0mGET / [33m404[0m 0.211 ms - 46[0m
2025-11-19 10:29:36 +00:00: [0mPOST /api/auth/login [33m401[0m 4.330 ms - 66[0m
2025-11-19 10:29:52 +00:00: [0mPOST /api/auth/login [33m401[0m 2.724 ms - 66[0m
2025-11-19 10:29:52 +00:00: [0mPOST /api/auth/login [33m401[0m 2.505 ms - 66[0m
2025-11-19 10:29:52 +00:00: [0mPOST /api/auth/login [33m401[0m 2.390 ms - 66[0m
2025-11-19 10:29:52 +00:00: [0mPOST /api/auth/login [33m401[0m 2.352 ms - 66[0m
2025-11-19 10:29:52 +00:00: [0mPOST /api/auth/login [33m401[0m 2.443 ms - 66[0m
2025-11-19 10:29:52 +00:00: [0mPOST /api/auth/login [33m400[0m 0.373 ms - 91[0m
2025-11-19 10:30:54 +00:00: [0mPOST /api/auth/login [33m401[0m 2.893 ms - 66[0m
2025-11-19 10:41:15 +00:00: [0mGET / [33m404[0m 0.210 ms - 46[0m
2025-11-19 10:44:09 +00:00: [0mGET / [33m404[0m 0.266 ms - 46[0m
2025-11-19 10:47:27 +00:00: [0mHEAD /api/health [33m404[0m 0.212 ms - 46[0m
2025-11-19 10:47:36 +00:00: [0mHEAD /api/categories [32m200[0m 3.779 ms - 86[0m
2025-11-19 10:52:04 +00:00: [0mGET / [33m404[0m 0.324 ms - 46[0m
2025-11-19 10:52:06 +00:00: [0mGET / [33m404[0m 0.224 ms - 46[0m
2025-11-19 10:52:20 +00:00: [0mGET / [33m404[0m 0.200 ms - 46[0m
2025-11-19 10:54:05 +00:00: [0mHEAD /health [32m200[0m 0.233 ms - 54[0m
2025-11-19 10:55:08 +00:00: [0mHEAD /api/categories [32m200[0m 2.936 ms - 86[0m
2025-11-19 11:09:56 +00:00: [0mHEAD /health [32m200[0m 0.263 ms - 54[0m
2025-11-19 11:13:59 +00:00: [0mGET / [33m404[0m 0.279 ms - 46[0m
2025-11-19 11:40:13 +00:00: [0mGET / [33m404[0m 0.213 ms - 46[0m
2025-11-19 11:40:40 +00:00: [0mGET / [33m404[0m 0.199 ms - 46[0m
2025-11-19 11:48:51 +00:00: [0mGET / [33m404[0m 0.223 ms - 46[0m
2025-11-19 11:48:55 +00:00: [0mGET / [33m404[0m 0.203 ms - 46[0m
2025-11-19 11:51:54 +00:00: [0mGET / [33m404[0m 0.198 ms - 46[0m
2025-11-19 11:52:01 +00:00: [0mGET / [33m404[0m 0.220 ms - 46[0m
2025-11-19 11:53:07 +00:00: [0mGET / [33m404[0m 0.193 ms - 46[0m
2025-11-19 11:56:10 +00:00: [0mGET / [33m404[0m 0.205 ms - 46[0m
